{"/home/travis/build/npmtest/node-npmtest-dat-gui/test.js":{"path":"/home/travis/build/npmtest/node-npmtest-dat-gui/test.js","s":{"1":2,"2":2,"3":2,"4":2,"5":2,"6":2,"7":2,"8":1,"9":2,"10":2,"11":1,"12":1,"13":1,"14":1,"15":2,"16":2,"17":2,"18":2,"19":1,"20":1,"21":2,"22":2,"23":2,"24":1,"25":1,"26":1,"27":1,"28":1,"29":1,"30":1,"31":1,"32":1,"33":1,"34":1,"35":1,"36":1,"37":1,"38":1,"39":2,"40":2,"41":1,"42":2,"43":2,"44":1,"45":2,"46":2,"47":1,"48":2,"49":2,"50":1,"51":1,"52":1,"53":1,"54":1},"b":{"1":[2,1,1,1],"2":[1,1,1,1],"3":[1,1],"4":[1,1],"5":[1,1],"6":[1,1],"7":[1,1],"8":[1,1],"9":[1,1],"10":[1,1,1],"11":[1,1],"12":[1,1],"13":[1,1],"14":[1,1],"15":[1,1],"16":[1,1],"17":[1,1]},"f":{"1":2,"2":2,"3":2,"4":2,"5":2,"6":1,"7":1,"8":1,"9":2,"10":2,"11":2,"12":2,"13":1},"fnMap":{"1":{"name":"(anonymous_1)","line":12,"loc":{"start":{"line":12,"column":1},"end":{"line":12,"column":13}}},"2":{"name":"(anonymous_2)","line":19,"loc":{"start":{"line":19,"column":5},"end":{"line":19,"column":17}}},"3":{"name":"(anonymous_3)","line":23,"loc":{"start":{"line":23,"column":24},"end":{"line":23,"column":36}}},"4":{"name":"(anonymous_4)","line":61,"loc":{"start":{"line":61,"column":5},"end":{"line":61,"column":17}}},"5":{"name":"(anonymous_5)","line":82,"loc":{"start":{"line":82,"column":5},"end":{"line":82,"column":17}}},"6":{"name":"(anonymous_6)","line":91,"loc":{"start":{"line":91,"column":77},"end":{"line":94,"column":10}}},"7":{"name":"(anonymous_7)","line":112,"loc":{"start":{"line":112,"column":83},"end":{"line":115,"column":10}},"skip":true},"8":{"name":"(anonymous_8)","line":123,"loc":{"start":{"line":123,"column":77},"end":{"line":126,"column":10}},"skip":true},"9":{"name":"(anonymous_9)","line":139,"loc":{"start":{"line":139,"column":12},"end":{"line":139,"column":40}},"skip":true},"10":{"name":"(anonymous_10)","line":147,"loc":{"start":{"line":147,"column":77},"end":{"line":150,"column":10}},"skip":true},"11":{"name":"(anonymous_11)","line":158,"loc":{"start":{"line":158,"column":83},"end":{"line":161,"column":10}},"skip":true},"12":{"name":"(anonymous_12)","line":169,"loc":{"start":{"line":169,"column":79},"end":{"line":172,"column":10}},"skip":true},"13":{"name":"(anonymous_13)","line":180,"loc":{"start":{"line":180,"column":75},"end":{"line":183,"column":10}},"skip":true}},"statementMap":{"1":{"start":{"line":12,"column":0},"end":{"line":195,"column":5}},"2":{"start":{"line":14,"column":4},"end":{"line":14,"column":14}},"3":{"start":{"line":19,"column":4},"end":{"line":56,"column":9}},"4":{"start":{"line":21,"column":8},"end":{"line":21,"column":19}},"5":{"start":{"line":23,"column":8},"end":{"line":35,"column":13}},"6":{"start":{"line":24,"column":12},"end":{"line":34,"column":13}},"7":{"start":{"line":25,"column":16},"end":{"line":28,"column":30}},"8":{"start":{"line":30,"column":16},"end":{"line":33,"column":27}},"9":{"start":{"line":37,"column":8},"end":{"line":39,"column":21}},"10":{"start":{"line":40,"column":8},"end":{"line":53,"column":9}},"11":{"start":{"line":43,"column":12},"end":{"line":46,"column":14}},"12":{"start":{"line":47,"column":12},"end":{"line":47,"column":18}},"13":{"start":{"line":50,"column":12},"end":{"line":51,"column":33}},"14":{"start":{"line":52,"column":12},"end":{"line":52,"column":18}},"15":{"start":{"line":55,"column":8},"end":{"line":55,"column":35}},"16":{"start":{"line":61,"column":4},"end":{"line":63,"column":9}},"17":{"start":{"line":62,"column":8},"end":{"line":62,"column":15}},"18":{"start":{"line":64,"column":4},"end":{"line":77,"column":5}},"19":{"start":{"line":70,"column":8},"end":{"line":70,"column":14}},"20":{"start":{"line":76,"column":8},"end":{"line":76,"column":14}},"21":{"start":{"line":82,"column":4},"end":{"line":84,"column":9}},"22":{"start":{"line":83,"column":8},"end":{"line":83,"column":15}},"23":{"start":{"line":85,"column":4},"end":{"line":194,"column":5}},"24":{"start":{"line":91,"column":8},"end":{"line":99,"column":10}},"25":{"start":{"line":98,"column":12},"end":{"line":98,"column":35}},"26":{"start":{"line":102,"column":8},"end":{"line":104,"column":63}},"27":{"start":{"line":105,"column":8},"end":{"line":105,"column":14}},"28":{"start":{"line":112,"column":8},"end":{"line":121,"column":10},"skip":true},"29":{"start":{"line":119,"column":12},"end":{"line":119,"column":55},"skip":true},"30":{"start":{"line":120,"column":12},"end":{"line":120,"column":48},"skip":true},"31":{"start":{"line":123,"column":8},"end":{"line":136,"column":10},"skip":true},"32":{"start":{"line":130,"column":12},"end":{"line":130,"column":76},"skip":true},"33":{"start":{"line":131,"column":12},"end":{"line":131,"column":73},"skip":true},"34":{"start":{"line":132,"column":12},"end":{"line":132,"column":74},"skip":true},"35":{"start":{"line":133,"column":12},"end":{"line":133,"column":79},"skip":true},"36":{"start":{"line":134,"column":12},"end":{"line":134,"column":25},"skip":true},"37":{"start":{"line":135,"column":12},"end":{"line":135,"column":45},"skip":true},"38":{"start":{"line":138,"column":8},"end":{"line":145,"column":14},"skip":true},"39":{"start":{"line":143,"column":16},"end":{"line":143,"column":29},"skip":true},"40":{"start":{"line":144,"column":16},"end":{"line":144,"column":55},"skip":true},"41":{"start":{"line":147,"column":8},"end":{"line":156,"column":10},"skip":true},"42":{"start":{"line":154,"column":12},"end":{"line":154,"column":25},"skip":true},"43":{"start":{"line":155,"column":12},"end":{"line":155,"column":45},"skip":true},"44":{"start":{"line":158,"column":8},"end":{"line":167,"column":10},"skip":true},"45":{"start":{"line":165,"column":12},"end":{"line":165,"column":25},"skip":true},"46":{"start":{"line":166,"column":12},"end":{"line":166,"column":48},"skip":true},"47":{"start":{"line":169,"column":8},"end":{"line":178,"column":10},"skip":true},"48":{"start":{"line":176,"column":12},"end":{"line":176,"column":25},"skip":true},"49":{"start":{"line":177,"column":12},"end":{"line":177,"column":46},"skip":true},"50":{"start":{"line":180,"column":8},"end":{"line":189,"column":10},"skip":true},"51":{"start":{"line":187,"column":12},"end":{"line":187,"column":94},"skip":true},"52":{"start":{"line":188,"column":12},"end":{"line":188,"column":48},"skip":true},"53":{"start":{"line":192,"column":8},"end":{"line":192,"column":35},"skip":true},"54":{"start":{"line":193,"column":8},"end":{"line":193,"column":14},"skip":true}},"branchMap":{"1":{"line":25,"type":"binary-expr","locations":[{"start":{"line":25,"column":23},"end":{"line":25,"column":62}},{"start":{"line":26,"column":20},"end":{"line":26,"column":70}},{"start":{"line":27,"column":20},"end":{"line":27,"column":71}},{"start":{"line":28,"column":20},"end":{"line":28,"column":29}}]},"2":{"line":30,"type":"binary-expr","locations":[{"start":{"line":30,"column":23},"end":{"line":30,"column":37}},{"start":{"line":31,"column":20},"end":{"line":31,"column":61}},{"start":{"line":32,"column":20},"end":{"line":32,"column":70}},{"start":{"line":33,"column":20},"end":{"line":33,"column":26}}]},"3":{"line":37,"type":"cond-expr","locations":[{"start":{"line":38,"column":14},"end":{"line":38,"column":20}},{"start":{"line":39,"column":14},"end":{"line":39,"column":20}}]},"4":{"line":40,"type":"switch","locations":[{"start":{"line":42,"column":8},"end":{"line":47,"column":18}},{"start":{"line":49,"column":8},"end":{"line":52,"column":18}}]},"5":{"line":44,"type":"binary-expr","locations":[{"start":{"line":44,"column":16},"end":{"line":44,"column":44}},{"start":{"line":44,"column":48},"end":{"line":44,"column":66}}]},"6":{"line":50,"type":"binary-expr","locations":[{"start":{"line":50,"column":21},"end":{"line":50,"column":49}},{"start":{"line":50,"column":53},"end":{"line":50,"column":72}}]},"7":{"line":64,"type":"switch","locations":[{"start":{"line":69,"column":4},"end":{"line":70,"column":14}},{"start":{"line":75,"column":4},"end":{"line":76,"column":14}}]},"8":{"line":85,"type":"switch","locations":[{"start":{"line":90,"column":4},"end":{"line":105,"column":14}},{"start":{"line":111,"column":4},"end":{"line":193,"column":14},"skip":true}]},"9":{"line":91,"type":"binary-expr","locations":[{"start":{"line":91,"column":42},"end":{"line":91,"column":73}},{"start":{"line":91,"column":77},"end":{"line":99,"column":9}}]},"10":{"line":102,"type":"binary-expr","locations":[{"start":{"line":102,"column":18},"end":{"line":102,"column":32}},{"start":{"line":103,"column":12},"end":{"line":103,"column":53}},{"start":{"line":104,"column":12},"end":{"line":104,"column":61}}]},"11":{"line":112,"type":"binary-expr","locations":[{"start":{"line":112,"column":45},"end":{"line":112,"column":79},"skip":true},{"start":{"line":112,"column":83},"end":{"line":121,"column":9},"skip":true}]},"12":{"line":123,"type":"binary-expr","locations":[{"start":{"line":123,"column":42},"end":{"line":123,"column":73},"skip":true},{"start":{"line":123,"column":77},"end":{"line":136,"column":9},"skip":true}]},"13":{"line":138,"type":"binary-expr","locations":[{"start":{"line":138,"column":48},"end":{"line":138,"column":85},"skip":true},{"start":{"line":139,"column":12},"end":{"line":145,"column":13},"skip":true}]},"14":{"line":147,"type":"binary-expr","locations":[{"start":{"line":147,"column":42},"end":{"line":147,"column":73},"skip":true},{"start":{"line":147,"column":77},"end":{"line":156,"column":9},"skip":true}]},"15":{"line":158,"type":"binary-expr","locations":[{"start":{"line":158,"column":45},"end":{"line":158,"column":79},"skip":true},{"start":{"line":158,"column":83},"end":{"line":167,"column":9},"skip":true}]},"16":{"line":169,"type":"binary-expr","locations":[{"start":{"line":169,"column":43},"end":{"line":169,"column":75},"skip":true},{"start":{"line":169,"column":79},"end":{"line":178,"column":9},"skip":true}]},"17":{"line":180,"type":"binary-expr","locations":[{"start":{"line":180,"column":41},"end":{"line":180,"column":71},"skip":true},{"start":{"line":180,"column":75},"end":{"line":189,"column":9},"skip":true}]}},"code":["/* istanbul instrument in package npmtest_dat_gui */","/*jslint","    bitwise: true,","    browser: true,","    maxerr: 8,","    maxlen: 96,","    node: true,","    nomen: true,","    regexp: true,","    stupid: true","*/","(function () {","    'use strict';","    var local;","","","","    // run shared js-env code - pre-init","    (function () {","        // init local","        local = {};","        // init modeJs","        local.modeJs = (function () {","            try {","                return typeof navigator.userAgent === 'string' &&","                    typeof document.querySelector('body') === 'object' &&","                    typeof XMLHttpRequest.prototype.open === 'function' &&","                    'browser';","            } catch (errorCaughtBrowser) {","                return module.exports &&","                    typeof process.versions.node === 'string' &&","                    typeof require('http').createServer === 'function' &&","                    'node';","            }","        }());","        // init global","        local.global = local.modeJs === 'browser'","            ? window","            : global;","        switch (local.modeJs) {","        // re-init local from window.local","        case 'browser':","            local = local.global.utility2.objectSetDefault(","                local.global.utility2_rollup || local.global.local,","                local.global.utility2","            );","            break;","        // re-init local from example.js","        case 'node':","            local = (local.global.utility2_rollup || require('utility2'))","                .requireReadme();","            break;","        }","        // export local","        local.global.local = local;","    }());","","","","    // run shared js-env code - function","    (function () {","        return;","    }());","    switch (local.modeJs) {","","","","    // run browser js-env code - function","    case 'browser':","        break;","","","","    // run node js-env code - function","    case 'node':","        break;","    }","","","","    // run shared js-env code - post-init","    (function () {","        return;","    }());","    switch (local.modeJs) {","","","","    // run browser js-env code - post-init","    case 'browser':","        local.testCase_browser_nullCase = local.testCase_browser_nullCase || function (","            options,","            onError","        ) {","        /*","         * this function will test browsers's null-case handling-behavior-behavior","         */","            onError(null, options);","        };","","        // run tests","        local.nop(local.modeTest &&","            document.querySelector('#testRunButton1') &&","            document.querySelector('#testRunButton1').click());","        break;","","","","    // run node js-env code - post-init","    /* istanbul ignore next */","    case 'node':","        local.testCase_buildApidoc_default = local.testCase_buildApidoc_default || function (","            options,","            onError","        ) {","        /*","         * this function will test buildApidoc's default handling-behavior-behavior","         */","            options = { modulePathList: module.paths };","            local.buildApidoc(options, onError);","        };","","        local.testCase_buildApp_default = local.testCase_buildApp_default || function (","            options,","            onError","        ) {","        /*","         * this function will test buildApp's default handling-behavior-behavior","         */","            local.testCase_buildReadme_default(options, local.onErrorThrow);","            local.testCase_buildLib_default(options, local.onErrorThrow);","            local.testCase_buildTest_default(options, local.onErrorThrow);","            local.testCase_buildCustomOrg_default(options, local.onErrorThrow);","            options = [];","            local.buildApp(options, onError);","        };","","        local.testCase_buildCustomOrg_default = local.testCase_buildCustomOrg_default ||","            function (options, onError) {","            /*","             * this function will test buildCustomOrg's default handling-behavior","             */","                options = {};","                local.buildCustomOrg(options, onError);","            };","","        local.testCase_buildLib_default = local.testCase_buildLib_default || function (","            options,","            onError","        ) {","        /*","         * this function will test buildLib's default handling-behavior","         */","            options = {};","            local.buildLib(options, onError);","        };","","        local.testCase_buildReadme_default = local.testCase_buildReadme_default || function (","            options,","            onError","        ) {","        /*","         * this function will test buildReadme's default handling-behavior-behavior","         */","            options = {};","            local.buildReadme(options, onError);","        };","","        local.testCase_buildTest_default = local.testCase_buildTest_default || function (","            options,","            onError","        ) {","        /*","         * this function will test buildTest's default handling-behavior","         */","            options = {};","            local.buildTest(options, onError);","        };","","        local.testCase_webpage_default = local.testCase_webpage_default || function (","            options,","            onError","        ) {","        /*","         * this function will test webpage's default handling-behavior","         */","            options = { modeCoverageMerge: true, url: local.serverLocalHost + '?modeTest=1' };","            local.browserTest(options, onError);","        };","","        // run test-server","        local.testRunServer(local);","        break;","    }","}());",""],"l":{"12":2,"14":2,"19":2,"21":2,"23":2,"24":2,"25":2,"30":1,"37":2,"40":2,"43":1,"47":1,"50":1,"52":1,"55":2,"61":2,"62":2,"64":2,"70":1,"76":1,"82":2,"83":2,"85":2,"91":1,"98":1,"102":1,"105":1,"112":1,"119":1,"120":1,"123":1,"130":1,"131":1,"132":1,"133":1,"134":1,"135":1,"138":1,"143":2,"144":2,"147":1,"154":2,"155":2,"158":1,"165":2,"166":2,"169":1,"176":2,"177":2,"180":1,"187":1,"188":1,"192":1,"193":1}},"/home/travis/build/npmtest/node-npmtest-dat-gui/lib.npmtest_dat_gui.js":{"path":"/home/travis/build/npmtest/node-npmtest-dat-gui/lib.npmtest_dat_gui.js","s":{"1":2,"2":2,"3":2,"4":2,"5":2,"6":2,"7":2,"8":1,"9":2,"10":2,"11":2,"12":2,"13":1,"14":1,"15":1,"16":1},"b":{"1":[2,1,1,1],"2":[1,1,1,1],"3":[1,1],"4":[2,2],"5":[1,1]},"f":{"1":2,"2":2,"3":2},"fnMap":{"1":{"name":"(anonymous_1)","line":12,"loc":{"start":{"line":12,"column":1},"end":{"line":12,"column":13}}},"2":{"name":"(anonymous_2)","line":19,"loc":{"start":{"line":19,"column":5},"end":{"line":19,"column":17}}},"3":{"name":"(anonymous_3)","line":23,"loc":{"start":{"line":23,"column":24},"end":{"line":23,"column":36}}}},"statementMap":{"1":{"start":{"line":12,"column":0},"end":{"line":53,"column":5}},"2":{"start":{"line":14,"column":4},"end":{"line":14,"column":14}},"3":{"start":{"line":19,"column":4},"end":{"line":52,"column":9}},"4":{"start":{"line":21,"column":8},"end":{"line":21,"column":19}},"5":{"start":{"line":23,"column":8},"end":{"line":35,"column":13}},"6":{"start":{"line":24,"column":12},"end":{"line":34,"column":13}},"7":{"start":{"line":25,"column":16},"end":{"line":28,"column":30}},"8":{"start":{"line":30,"column":16},"end":{"line":33,"column":27}},"9":{"start":{"line":37,"column":8},"end":{"line":39,"column":21}},"10":{"start":{"line":41,"column":8},"end":{"line":41,"column":54}},"11":{"start":{"line":43,"column":8},"end":{"line":43,"column":52}},"12":{"start":{"line":45,"column":8},"end":{"line":51,"column":9}},"13":{"start":{"line":46,"column":12},"end":{"line":46,"column":58}},"14":{"start":{"line":48,"column":12},"end":{"line":48,"column":35}},"15":{"start":{"line":49,"column":12},"end":{"line":49,"column":49}},"16":{"start":{"line":50,"column":12},"end":{"line":50,"column":43}}},"branchMap":{"1":{"line":25,"type":"binary-expr","locations":[{"start":{"line":25,"column":23},"end":{"line":25,"column":62}},{"start":{"line":26,"column":20},"end":{"line":26,"column":70}},{"start":{"line":27,"column":20},"end":{"line":27,"column":71}},{"start":{"line":28,"column":20},"end":{"line":28,"column":29}}]},"2":{"line":30,"type":"binary-expr","locations":[{"start":{"line":30,"column":23},"end":{"line":30,"column":37}},{"start":{"line":31,"column":20},"end":{"line":31,"column":61}},{"start":{"line":32,"column":20},"end":{"line":32,"column":70}},{"start":{"line":33,"column":20},"end":{"line":33,"column":26}}]},"3":{"line":37,"type":"cond-expr","locations":[{"start":{"line":38,"column":14},"end":{"line":38,"column":20}},{"start":{"line":39,"column":14},"end":{"line":39,"column":20}}]},"4":{"line":41,"type":"binary-expr","locations":[{"start":{"line":41,"column":16},"end":{"line":41,"column":44}},{"start":{"line":41,"column":48},"end":{"line":41,"column":53}}]},"5":{"line":45,"type":"if","locations":[{"start":{"line":45,"column":8},"end":{"line":45,"column":8}},{"start":{"line":45,"column":8},"end":{"line":45,"column":8}}]}},"code":["/* istanbul instrument in package npmtest_dat_gui */","/*jslint","    bitwise: true,","    browser: true,","    maxerr: 8,","    maxlen: 96,","    node: true,","    nomen: true,","    regexp: true,","    stupid: true","*/","(function () {","    'use strict';","    var local;","","","","    // run shared js-env code - pre-init","    (function () {","        // init local","        local = {};","        // init modeJs","        local.modeJs = (function () {","            try {","                return typeof navigator.userAgent === 'string' &&","                    typeof document.querySelector('body') === 'object' &&","                    typeof XMLHttpRequest.prototype.open === 'function' &&","                    'browser';","            } catch (errorCaughtBrowser) {","                return module.exports &&","                    typeof process.versions.node === 'string' &&","                    typeof require('http').createServer === 'function' &&","                    'node';","            }","        }());","        // init global","        local.global = local.modeJs === 'browser'","            ? window","            : global;","        // init utility2_rollup","        local = local.global.utility2_rollup || local;","        // init lib","        local.local = local.npmtest_dat_gui = local;","        // init exports","        if (local.modeJs === 'browser') {","            local.global.utility2_npmtest_dat_gui = local;","        } else {","            module.exports = local;","            module.exports.__dirname = __dirname;","            module.exports.module = module;","        }","    }());","}());",""],"l":{"12":2,"14":2,"19":2,"21":2,"23":2,"24":2,"25":2,"30":1,"37":2,"41":2,"43":2,"45":2,"46":1,"48":1,"49":1,"50":1}},"/home/travis/build/npmtest/node-npmtest-dat-gui/example.js":{"path":"/home/travis/build/npmtest/node-npmtest-dat-gui/example.js","s":{"1":2,"2":2,"3":2,"4":2,"5":2,"6":2,"7":2,"8":1,"9":2,"10":2,"11":2,"12":2,"13":1,"14":2,"15":2,"16":2,"17":2,"18":2,"19":0,"20":2,"21":1,"22":1,"23":1,"24":1,"25":1,"26":0,"27":0,"28":1,"29":1,"30":2,"31":0,"32":0,"33":0,"34":1,"35":2,"36":2,"37":3,"38":3,"39":3,"40":3,"41":0,"42":3,"43":3,"44":3,"45":1,"46":3,"47":1,"48":1,"49":1,"50":1,"51":1,"52":1,"53":1,"54":1,"55":1,"56":1,"57":0,"58":1,"59":6,"60":6,"61":1,"62":2,"63":0,"64":2,"65":1,"66":1,"67":0,"68":0,"69":0,"70":0,"71":0,"72":0,"73":0,"74":0,"75":0,"76":0,"77":0,"78":0,"79":0,"80":0,"81":0,"82":0,"83":0},"b":{"1":[2,1,1,1],"2":[1,1,1,1],"3":[1,1],"4":[2,2],"5":[1,1],"6":[1,1],"7":[2,0],"8":[2,1,1,1,1,1],"9":[0,2,0],"10":[1,1],"11":[2,1,1],"12":[1,0],"13":[0,2],"14":[2,0,0,0,0,0,0],"15":[0,3],"16":[3,0],"17":[1,1],"18":[0,1],"19":[1,2,0,2],"20":[1,0],"21":[1,1],"22":[0,0],"23":[0,0],"24":[0,0],"25":[0,0],"26":[0,0],"27":[0,0],"28":[0,0]},"f":{"1":2,"2":2,"3":2,"4":2,"5":2,"6":2,"7":3,"8":3,"9":3,"10":1,"11":6,"12":0},"fnMap":{"1":{"name":"(anonymous_1)","line":26,"loc":{"start":{"line":26,"column":1},"end":{"line":26,"column":13}}},"2":{"name":"(anonymous_2)","line":33,"loc":{"start":{"line":33,"column":5},"end":{"line":33,"column":17}}},"3":{"name":"(anonymous_3)","line":37,"loc":{"start":{"line":37,"column":24},"end":{"line":37,"column":36}}},"4":{"name":"(anonymous_4)","line":69,"loc":{"start":{"line":69,"column":31},"end":{"line":69,"column":48}},"skip":true},"5":{"name":"(anonymous_5)","line":78,"loc":{"start":{"line":78,"column":26},"end":{"line":78,"column":45}},"skip":true},"6":{"name":"(anonymous_6)","line":123,"loc":{"start":{"line":123,"column":33},"end":{"line":123,"column":48}},"skip":true},"7":{"name":"(anonymous_7)","line":125,"loc":{"start":{"line":125,"column":27},"end":{"line":125,"column":39}},"skip":true},"8":{"name":"(anonymous_8)","line":133,"loc":{"start":{"line":133,"column":59},"end":{"line":133,"column":74}},"skip":true},"9":{"name":"(anonymous_9)","line":143,"loc":{"start":{"line":143,"column":45},"end":{"line":143,"column":62}},"skip":true},"10":{"name":"(anonymous_10)","line":144,"loc":{"start":{"line":144,"column":73},"end":{"line":144,"column":92}},"skip":true},"11":{"name":"(anonymous_11)","line":272,"loc":{"start":{"line":272,"column":51},"end":{"line":272,"column":77}},"skip":true},"12":{"name":"(anonymous_12)","line":315,"loc":{"start":{"line":315,"column":32},"end":{"line":315,"column":61}},"skip":true}},"statementMap":{"1":{"start":{"line":26,"column":0},"end":{"line":326,"column":5}},"2":{"start":{"line":28,"column":4},"end":{"line":28,"column":14}},"3":{"start":{"line":33,"column":4},"end":{"line":60,"column":9}},"4":{"start":{"line":35,"column":8},"end":{"line":35,"column":19}},"5":{"start":{"line":37,"column":8},"end":{"line":49,"column":13}},"6":{"start":{"line":38,"column":12},"end":{"line":48,"column":13}},"7":{"start":{"line":39,"column":16},"end":{"line":42,"column":30}},"8":{"start":{"line":44,"column":16},"end":{"line":47,"column":27}},"9":{"start":{"line":51,"column":8},"end":{"line":53,"column":21}},"10":{"start":{"line":55,"column":8},"end":{"line":57,"column":45}},"11":{"start":{"line":59,"column":8},"end":{"line":59,"column":35}},"12":{"start":{"line":61,"column":4},"end":{"line":325,"column":5}},"13":{"start":{"line":69,"column":8},"end":{"line":121,"column":10},"skip":true},"14":{"start":{"line":70,"column":12},"end":{"line":88,"column":13},"skip":true},"15":{"start":{"line":76,"column":16},"end":{"line":87,"column":19},"skip":true},"16":{"start":{"line":79,"column":20},"end":{"line":86,"column":21},"skip":true},"17":{"start":{"line":82,"column":24},"end":{"line":82,"column":43},"skip":true},"18":{"start":{"line":83,"column":24},"end":{"line":83,"column":30},"skip":true},"19":{"start":{"line":85,"column":24},"end":{"line":85,"column":49},"skip":true},"20":{"start":{"line":89,"column":12},"end":{"line":107,"column":13},"skip":true},"21":{"start":{"line":92,"column":16},"end":{"line":102,"column":17},"skip":true},"22":{"start":{"line":93,"column":20},"end":{"line":93,"column":86},"skip":true},"23":{"start":{"line":94,"column":20},"end":{"line":95,"column":45},"skip":true},"24":{"start":{"line":96,"column":20},"end":{"line":96,"column":42},"skip":true},"25":{"start":{"line":97,"column":20},"end":{"line":97,"column":48},"skip":true},"26":{"start":{"line":100,"column":20},"end":{"line":100,"column":85},"skip":true},"27":{"start":{"line":101,"column":20},"end":{"line":101,"column":96},"skip":true},"28":{"start":{"line":103,"column":16},"end":{"line":103,"column":22},"skip":true},"29":{"start":{"line":106,"column":16},"end":{"line":106,"column":22},"skip":true},"30":{"start":{"line":108,"column":12},"end":{"line":120,"column":13},"skip":true},"31":{"start":{"line":114,"column":16},"end":{"line":119,"column":17},"skip":true},"32":{"start":{"line":116,"column":20},"end":{"line":116,"column":78},"skip":true},"33":{"start":{"line":118,"column":20},"end":{"line":118,"column":47},"skip":true},"34":{"start":{"line":123,"column":8},"end":{"line":141,"column":11},"skip":true},"35":{"start":{"line":124,"column":12},"end":{"line":124,"column":54},"skip":true},"36":{"start":{"line":125,"column":12},"end":{"line":140,"column":14},"skip":true},"37":{"start":{"line":126,"column":16},"end":{"line":126,"column":28},"skip":true},"38":{"start":{"line":127,"column":16},"end":{"line":127,"column":69},"skip":true},"39":{"start":{"line":128,"column":16},"end":{"line":128,"column":75},"skip":true},"40":{"start":{"line":129,"column":16},"end":{"line":131,"column":17},"skip":true},"41":{"start":{"line":130,"column":20},"end":{"line":130,"column":27},"skip":true},"42":{"start":{"line":133,"column":16},"end":{"line":137,"column":36},"skip":true},"43":{"start":{"line":134,"column":20},"end":{"line":136,"column":55},"skip":true},"44":{"start":{"line":139,"column":16},"end":{"line":139,"column":57},"skip":true},"45":{"start":{"line":143,"column":8},"end":{"line":147,"column":11},"skip":true},"46":{"start":{"line":144,"column":12},"end":{"line":146,"column":15},"skip":true},"47":{"start":{"line":145,"column":16},"end":{"line":145,"column":70},"skip":true},"48":{"start":{"line":149,"column":8},"end":{"line":149,"column":31},"skip":true},"49":{"start":{"line":150,"column":8},"end":{"line":150,"column":14},"skip":true},"50":{"start":{"line":158,"column":8},"end":{"line":158,"column":31},"skip":true},"51":{"start":{"line":160,"column":8},"end":{"line":160,"column":33},"skip":true},"52":{"start":{"line":161,"column":8},"end":{"line":161,"column":37},"skip":true},"53":{"start":{"line":162,"column":8},"end":{"line":162,"column":35},"skip":true},"54":{"start":{"line":164,"column":8},"end":{"line":164,"column":50},"skip":true},"55":{"start":{"line":166,"column":8},"end":{"line":256,"column":2},"skip":true},"56":{"start":{"line":258,"column":8},"end":{"line":286,"column":9},"skip":true},"57":{"start":{"line":259,"column":12},"end":{"line":269,"column":14},"skip":true},"58":{"start":{"line":271,"column":12},"end":{"line":285,"column":19},"skip":true},"59":{"start":{"line":274,"column":20},"end":{"line":274,"column":35},"skip":true},"60":{"start":{"line":275,"column":20},"end":{"line":284,"column":21},"skip":true},"61":{"start":{"line":277,"column":24},"end":{"line":277,"column":64},"skip":true},"62":{"start":{"line":279,"column":24},"end":{"line":279,"column":40},"skip":true},"63":{"start":{"line":281,"column":24},"end":{"line":281,"column":40},"skip":true},"64":{"start":{"line":283,"column":24},"end":{"line":283,"column":39},"skip":true},"65":{"start":{"line":288,"column":8},"end":{"line":290,"column":9},"skip":true},"66":{"start":{"line":289,"column":12},"end":{"line":289,"column":18},"skip":true},"67":{"start":{"line":291,"column":8},"end":{"line":293,"column":54},"skip":true},"68":{"start":{"line":296,"column":8},"end":{"line":301,"column":37},"skip":true},"69":{"start":{"line":303,"column":8},"end":{"line":303,"column":82},"skip":true},"70":{"start":{"line":306,"column":8},"end":{"line":308,"column":9},"skip":true},"71":{"start":{"line":307,"column":12},"end":{"line":307,"column":82},"skip":true},"72":{"start":{"line":310,"column":8},"end":{"line":312,"column":9},"skip":true},"73":{"start":{"line":311,"column":12},"end":{"line":311,"column":18},"skip":true},"74":{"start":{"line":313,"column":8},"end":{"line":313,"column":54},"skip":true},"75":{"start":{"line":314,"column":8},"end":{"line":314,"column":69},"skip":true},"76":{"start":{"line":315,"column":8},"end":{"line":323,"column":36},"skip":true},"77":{"start":{"line":316,"column":12},"end":{"line":316,"column":61},"skip":true},"78":{"start":{"line":317,"column":12},"end":{"line":320,"column":13},"skip":true},"79":{"start":{"line":318,"column":16},"end":{"line":318,"column":75},"skip":true},"80":{"start":{"line":319,"column":16},"end":{"line":319,"column":23},"skip":true},"81":{"start":{"line":321,"column":12},"end":{"line":321,"column":38},"skip":true},"82":{"start":{"line":322,"column":12},"end":{"line":322,"column":27},"skip":true},"83":{"start":{"line":324,"column":8},"end":{"line":324,"column":14},"skip":true}},"branchMap":{"1":{"line":39,"type":"binary-expr","locations":[{"start":{"line":39,"column":23},"end":{"line":39,"column":62}},{"start":{"line":40,"column":20},"end":{"line":40,"column":70}},{"start":{"line":41,"column":20},"end":{"line":41,"column":71}},{"start":{"line":42,"column":20},"end":{"line":42,"column":29}}]},"2":{"line":44,"type":"binary-expr","locations":[{"start":{"line":44,"column":23},"end":{"line":44,"column":37}},{"start":{"line":45,"column":20},"end":{"line":45,"column":61}},{"start":{"line":46,"column":20},"end":{"line":46,"column":70}},{"start":{"line":47,"column":20},"end":{"line":47,"column":26}}]},"3":{"line":51,"type":"cond-expr","locations":[{"start":{"line":52,"column":14},"end":{"line":52,"column":20}},{"start":{"line":53,"column":14},"end":{"line":53,"column":20}}]},"4":{"line":55,"type":"binary-expr","locations":[{"start":{"line":55,"column":16},"end":{"line":55,"column":44}},{"start":{"line":55,"column":49},"end":{"line":57,"column":43}}]},"5":{"line":55,"type":"cond-expr","locations":[{"start":{"line":56,"column":14},"end":{"line":56,"column":51}},{"start":{"line":57,"column":14},"end":{"line":57,"column":43}}]},"6":{"line":61,"type":"switch","locations":[{"start":{"line":68,"column":4},"end":{"line":150,"column":14},"skip":true},{"start":{"line":156,"column":4},"end":{"line":324,"column":14},"skip":true}]},"7":{"line":70,"type":"if","locations":[{"start":{"line":70,"column":12},"end":{"line":70,"column":12},"skip":true},{"start":{"line":70,"column":12},"end":{"line":70,"column":12},"skip":true}]},"8":{"line":70,"type":"binary-expr","locations":[{"start":{"line":70,"column":16},"end":{"line":70,"column":22},"skip":true},{"start":{"line":70,"column":27},"end":{"line":70,"column":32},"skip":true},{"start":{"line":71,"column":20},"end":{"line":71,"column":39},"skip":true},{"start":{"line":72,"column":20},"end":{"line":72,"column":49},"skip":true},{"start":{"line":73,"column":20},"end":{"line":73,"column":58},"skip":true},{"start":{"line":74,"column":20},"end":{"line":74,"column":69},"skip":true}]},"9":{"line":79,"type":"switch","locations":[{"start":{"line":80,"column":20},"end":{"line":80,"column":33},"skip":true},{"start":{"line":81,"column":20},"end":{"line":83,"column":30},"skip":true},{"start":{"line":84,"column":20},"end":{"line":85,"column":49},"skip":true}]},"10":{"line":89,"type":"switch","locations":[{"start":{"line":90,"column":12},"end":{"line":103,"column":22},"skip":true},{"start":{"line":105,"column":12},"end":{"line":106,"column":22},"skip":true}]},"11":{"line":89,"type":"binary-expr","locations":[{"start":{"line":89,"column":20},"end":{"line":89,"column":25},"skip":true},{"start":{"line":89,"column":29},"end":{"line":89,"column":48},"skip":true},{"start":{"line":89,"column":52},"end":{"line":89,"column":74},"skip":true}]},"12":{"line":92,"type":"if","locations":[{"start":{"line":92,"column":16},"end":{"line":92,"column":16},"skip":true},{"start":{"line":92,"column":16},"end":{"line":92,"column":16},"skip":true}]},"13":{"line":108,"type":"if","locations":[{"start":{"line":108,"column":12},"end":{"line":108,"column":12},"skip":true},{"start":{"line":108,"column":12},"end":{"line":108,"column":12},"skip":true}]},"14":{"line":108,"type":"binary-expr","locations":[{"start":{"line":108,"column":16},"end":{"line":108,"column":61},"skip":true},{"start":{"line":108,"column":66},"end":{"line":108,"column":72},"skip":true},{"start":{"line":108,"column":77},"end":{"line":108,"column":82},"skip":true},{"start":{"line":109,"column":20},"end":{"line":109,"column":39},"skip":true},{"start":{"line":110,"column":20},"end":{"line":110,"column":49},"skip":true},{"start":{"line":111,"column":20},"end":{"line":111,"column":58},"skip":true},{"start":{"line":112,"column":20},"end":{"line":112,"column":68},"skip":true}]},"15":{"line":129,"type":"if","locations":[{"start":{"line":129,"column":16},"end":{"line":129,"column":16},"skip":true},{"start":{"line":129,"column":16},"end":{"line":129,"column":16},"skip":true}]},"16":{"line":134,"type":"cond-expr","locations":[{"start":{"line":135,"column":26},"end":{"line":135,"column":29},"skip":true},{"start":{"line":136,"column":26},"end":{"line":136,"column":54},"skip":true}]},"17":{"line":164,"type":"binary-expr","locations":[{"start":{"line":164,"column":27},"end":{"line":164,"column":43},"skip":true},{"start":{"line":164,"column":47},"end":{"line":164,"column":49},"skip":true}]},"18":{"line":258,"type":"if","locations":[{"start":{"line":258,"column":8},"end":{"line":258,"column":8},"skip":true},{"start":{"line":258,"column":8},"end":{"line":258,"column":8},"skip":true}]},"19":{"line":275,"type":"switch","locations":[{"start":{"line":276,"column":20},"end":{"line":277,"column":64},"skip":true},{"start":{"line":278,"column":20},"end":{"line":279,"column":40},"skip":true},{"start":{"line":280,"column":20},"end":{"line":281,"column":40},"skip":true},{"start":{"line":282,"column":20},"end":{"line":283,"column":39},"skip":true}]},"20":{"line":288,"type":"if","locations":[{"start":{"line":288,"column":8},"end":{"line":288,"column":8},"skip":true},{"start":{"line":288,"column":8},"end":{"line":288,"column":8},"skip":true}]},"21":{"line":288,"type":"binary-expr","locations":[{"start":{"line":288,"column":12},"end":{"line":288,"column":40},"skip":true},{"start":{"line":288,"column":44},"end":{"line":288,"column":67},"skip":true}]},"22":{"line":292,"type":"binary-expr","locations":[{"start":{"line":292,"column":12},"end":{"line":292,"column":50},"skip":true},{"start":{"line":293,"column":12},"end":{"line":293,"column":53},"skip":true}]},"23":{"line":297,"type":"binary-expr","locations":[{"start":{"line":297,"column":12},"end":{"line":297,"column":65},"skip":true},{"start":{"line":298,"column":12},"end":{"line":301,"column":36},"skip":true}]},"24":{"line":303,"type":"binary-expr","locations":[{"start":{"line":303,"column":43},"end":{"line":303,"column":75},"skip":true},{"start":{"line":303,"column":79},"end":{"line":303,"column":81},"skip":true}]},"25":{"line":306,"type":"if","locations":[{"start":{"line":306,"column":8},"end":{"line":306,"column":8},"skip":true},{"start":{"line":306,"column":8},"end":{"line":306,"column":8},"skip":true}]},"26":{"line":310,"type":"if","locations":[{"start":{"line":310,"column":8},"end":{"line":310,"column":8},"skip":true},{"start":{"line":310,"column":8},"end":{"line":310,"column":8},"skip":true}]},"27":{"line":313,"type":"binary-expr","locations":[{"start":{"line":313,"column":27},"end":{"line":313,"column":43},"skip":true},{"start":{"line":313,"column":47},"end":{"line":313,"column":53},"skip":true}]},"28":{"line":317,"type":"if","locations":[{"start":{"line":317,"column":12},"end":{"line":317,"column":12},"skip":true},{"start":{"line":317,"column":12},"end":{"line":317,"column":12},"skip":true}]}},"code":["/*","example.js","","quickstart example","","instruction","    1. save this script as example.js","    2. run the shell command:","        $ npm install npmtest-dat-gui && PORT=8081 node example.js","    3. play with the browser-demo on http://127.0.0.1:8081","*/","","","","/* istanbul instrument in package npmtest_dat_gui */","/*jslint","    bitwise: true,","    browser: true,","    maxerr: 8,","    maxlen: 96,","    node: true,","    nomen: true,","    regexp: true,","    stupid: true","*/","(function () {","    'use strict';","    var local;","","","","    // run shared js-env code - pre-init","    (function () {","        // init local","        local = {};","        // init modeJs","        local.modeJs = (function () {","            try {","                return typeof navigator.userAgent === 'string' &&","                    typeof document.querySelector('body') === 'object' &&","                    typeof XMLHttpRequest.prototype.open === 'function' &&","                    'browser';","            } catch (errorCaughtBrowser) {","                return module.exports &&","                    typeof process.versions.node === 'string' &&","                    typeof require('http').createServer === 'function' &&","                    'node';","            }","        }());","        // init global","        local.global = local.modeJs === 'browser'","            ? window","            : global;","        // init utility2_rollup","        local = local.global.utility2_rollup || (local.modeJs === 'browser'","            ? local.global.utility2_npmtest_dat_gui","            : global.utility2_moduleExports);","        // export local","        local.global.local = local;","    }());","    switch (local.modeJs) {","","","","    // post-init","    // run browser js-env code - post-init","    /* istanbul ignore next */","    case 'browser':","        local.testRunBrowser = function (event) {","            if (!event || (event &&","                    event.currentTarget &&","                    event.currentTarget.className &&","                    event.currentTarget.className.includes &&","                    event.currentTarget.className.includes('onreset'))) {","                // reset output","                Array.from(","                    document.querySelectorAll('body > .resettable')","                ).forEach(function (element) {","                    switch (element.tagName) {","                    case 'INPUT':","                    case 'TEXTAREA':","                        element.value = '';","                        break;","                    default:","                        element.textContent = '';","                    }","                });","            }","            switch (event && event.currentTarget && event.currentTarget.id) {","            case 'testRunButton1':","                // show tests","                if (document.querySelector('#testReportDiv1').style.display === 'none') {","                    document.querySelector('#testReportDiv1').style.display = 'block';","                    document.querySelector('#testRunButton1').textContent =","                        'hide internal test';","                    local.modeTest = true;","                    local.testRunDefault(local);","                // hide tests","                } else {","                    document.querySelector('#testReportDiv1').style.display = 'none';","                    document.querySelector('#testRunButton1').textContent = 'run internal test';","                }","                break;","            // custom-case","            default:","                break;","            }","            if (document.querySelector('#inputTextareaEval1') && (!event || (event &&","                    event.currentTarget &&","                    event.currentTarget.className &&","                    event.currentTarget.className.includes &&","                    event.currentTarget.className.includes('oneval')))) {","                // try to eval input-code","                try {","                    /*jslint evil: true*/","                    eval(document.querySelector('#inputTextareaEval1').value);","                } catch (errorCaught) {","                    console.error(errorCaught);","                }","            }","        };","        // log stderr and stdout to #outputTextareaStdout1","        ['error', 'log'].forEach(function (key) {","            console[key + '_original'] = console[key];","            console[key] = function () {","                var element;","                console[key + '_original'].apply(console, arguments);","                element = document.querySelector('#outputTextareaStdout1');","                if (!element) {","                    return;","                }","                // append text to #outputTextareaStdout1","                element.value += Array.from(arguments).map(function (arg) {","                    return typeof arg === 'string'","                        ? arg","                        : JSON.stringify(arg, null, 4);","                }).join(' ') + '\\n';","                // scroll textarea to bottom","                element.scrollTop = element.scrollHeight;","            };","        });","        // init event-handling","        ['change', 'click', 'keyup'].forEach(function (event) {","            Array.from(document.querySelectorAll('.on' + event)).forEach(function (element) {","                element.addEventListener(event, local.testRunBrowser);","            });","        });","        // run tests","        local.testRunBrowser();","        break;","","","","    // run node js-env code - post-init","    /* istanbul ignore next */","    case 'node':","        // export local","        module.exports = local;","        // require modules","        local.fs = require('fs');","        local.http = require('http');","        local.url = require('url');","        // init assets","        local.assetsDict = local.assetsDict || {};","        /* jslint-ignore-begin */","        local.assetsDict['/assets.index.template.html'] = '\\","<!doctype html>\\n\\","<html lang=\"en\">\\n\\","<head>\\n\\","<meta charset=\"UTF-8\">\\n\\","<meta name=\"viewport\" content=\"width=device-width, initial-scale=1\">\\n\\","<title>{{env.npm_package_name}} (v{{env.npm_package_version}})</title>\\n\\","<style>\\n\\","/*csslint\\n\\","    box-sizing: false,\\n\\","    universal-selector: false\\n\\","*/\\n\\","* {\\n\\","    box-sizing: border-box;\\n\\","}\\n\\","body {\\n\\","    background: #dde;\\n\\","    font-family: Arial, Helvetica, sans-serif;\\n\\","    margin: 2rem;\\n\\","}\\n\\","body > * {\\n\\","    margin-bottom: 1rem;\\n\\","}\\n\\",".utility2FooterDiv {\\n\\","    margin-top: 20px;\\n\\","    text-align: center;\\n\\","}\\n\\","</style>\\n\\","<style>\\n\\","/*csslint\\n\\","*/\\n\\","textarea {\\n\\","    font-family: monospace;\\n\\","    height: 10rem;\\n\\","    width: 100%;\\n\\","}\\n\\","textarea[readonly] {\\n\\","    background: #ddd;\\n\\","}\\n\\","</style>\\n\\","</head>\\n\\","<body>\\n\\","<!-- utility2-comment\\n\\","<div id=\"ajaxProgressDiv1\" style=\"background: #d00; height: 2px; left: 0; margin: 0; padding: 0; position: fixed; top: 0; transition: background 0.5s, width 1.5s; width: 25%;\"></div>\\n\\","utility2-comment -->\\n\\","<h1>\\n\\","<!-- utility2-comment\\n\\","    <a\\n\\","        {{#if env.npm_package_homepage}}\\n\\","        href=\"{{env.npm_package_homepage}}\"\\n\\","        {{/if env.npm_package_homepage}}\\n\\","        target=\"_blank\"\\n\\","    >\\n\\","utility2-comment -->\\n\\","        {{env.npm_package_name}} (v{{env.npm_package_version}})\\n\\","<!-- utility2-comment\\n\\","    </a>\\n\\","utility2-comment -->\\n\\","</h1>\\n\\","<h3>{{env.npm_package_description}}</h3>\\n\\","<!-- utility2-comment\\n\\","<h4><a download href=\"assets.app.js\">download standalone app</a></h4>\\n\\","<button class=\"onclick onreset\" id=\"testRunButton1\">run internal test</button><br>\\n\\","<div id=\"testReportDiv1\" style=\"display: none;\"></div>\\n\\","utility2-comment -->\\n\\","\\n\\","\\n\\","\\n\\","<label>stderr and stdout</label>\\n\\","<textarea class=\"resettable\" id=\"outputTextareaStdout1\" readonly></textarea>\\n\\","<!-- utility2-comment\\n\\","{{#if isRollup}}\\n\\","<script src=\"assets.app.js\"></script>\\n\\","{{#unless isRollup}}\\n\\","utility2-comment -->\\n\\","<script src=\"assets.utility2.rollup.js\"></script>\\n\\","<script src=\"jsonp.utility2._stateInit?callback=window.utility2._stateInit\"></script>\\n\\","<script src=\"assets.npmtest_dat_gui.rollup.js\"></script>\\n\\","<script src=\"assets.example.js\"></script>\\n\\","<script src=\"assets.test.js\"></script>\\n\\","<!-- utility2-comment\\n\\","{{/if isRollup}}\\n\\","utility2-comment -->\\n\\","<div class=\"utility2FooterDiv\">\\n\\","    [ this app was created with\\n\\","    <a href=\"https://github.com/kaizhu256/node-utility2\" target=\"_blank\">utility2</a>\\n\\","    ]\\n\\","</div>\\n\\","</body>\\n\\","</html>\\n\\","';","        /* jslint-ignore-end */","        if (local.templateRender) {","            local.assetsDict['/'] = local.templateRender(","                local.assetsDict['/assets.index.template.html'],","                {","                    env: local.objectSetDefault(local.env, {","                        npm_package_description: 'the greatest app in the world!',","                        npm_package_name: 'my-app',","                        npm_package_nameAlias: 'my_app',","                        npm_package_version: '0.0.1'","                    })","                }","            );","        } else {","            local.assetsDict['/'] = local.assetsDict['/assets.index.template.html']","                .replace((/\\{\\{env\\.(\\w+?)\\}\\}/g), function (match0, match1) {","                    // jslint-hack","                    String(match0);","                    switch (match1) {","                    case 'npm_package_description':","                        return 'the greatest app in the world!';","                    case 'npm_package_name':","                        return 'my-app';","                    case 'npm_package_nameAlias':","                        return 'my_app';","                    case 'npm_package_version':","                        return '0.0.1';","                    }","                });","        }","        // run the cli","        if (local.global.utility2_rollup || module !== require.main) {","            break;","        }","        local.assetsDict['/assets.example.js'] =","            local.assetsDict['/assets.example.js'] ||","            local.fs.readFileSync(__filename, 'utf8');","        // bug-workaround - long $npm_package_buildCustomOrg","        /* jslint-ignore-begin */","        local.assetsDict['/assets.npmtest_dat_gui.rollup.js'] =","            local.assetsDict['/assets.npmtest_dat_gui.rollup.js'] ||","            local.fs.readFileSync(","                local.npmtest_dat_gui.__dirname + '/lib.npmtest_dat_gui.js',","                'utf8'","            ).replace((/^#!/), '//');","        /* jslint-ignore-end */","        local.assetsDict['/favicon.ico'] = local.assetsDict['/favicon.ico'] || '';","        // if $npm_config_timeout_exit exists,","        // then exit this process after $npm_config_timeout_exit ms","        if (Number(process.env.npm_config_timeout_exit)) {","            setTimeout(process.exit, Number(process.env.npm_config_timeout_exit));","        }","        // start server","        if (local.global.utility2_serverHttp1) {","            break;","        }","        process.env.PORT = process.env.PORT || '8081';","        console.error('server starting on port ' + process.env.PORT);","        local.http.createServer(function (request, response) {","            request.urlParsed = local.url.parse(request.url);","            if (local.assetsDict[request.urlParsed.pathname] !== undefined) {","                response.end(local.assetsDict[request.urlParsed.pathname]);","                return;","            }","            response.statusCode = 404;","            response.end();","        }).listen(process.env.PORT);","        break;","    }","}());",""],"l":{"26":2,"28":2,"33":2,"35":2,"37":2,"38":2,"39":2,"44":1,"51":2,"55":2,"59":2,"61":2,"69":1,"70":2,"76":2,"79":2,"82":2,"83":2,"85":1,"89":2,"92":1,"93":1,"94":1,"96":1,"97":1,"100":1,"101":1,"103":1,"106":1,"108":2,"114":1,"116":1,"118":1,"123":1,"124":2,"125":2,"126":3,"127":3,"128":3,"129":3,"130":1,"133":3,"134":3,"139":3,"143":1,"144":3,"145":1,"149":1,"150":1,"158":1,"160":1,"161":1,"162":1,"164":1,"166":1,"258":1,"259":1,"271":1,"274":6,"275":6,"277":1,"279":2,"281":1,"283":2,"288":1,"289":1,"291":1,"296":1,"303":1,"306":1,"307":1,"310":1,"311":1,"313":1,"314":1,"315":1,"316":1,"317":1,"318":1,"319":1,"321":1,"322":1,"324":1}},"/home/travis/build/npmtest/node-npmtest-dat-gui/node_modules/dat-gui/index.js":{"path":"/home/travis/build/npmtest/node-npmtest-dat-gui/node_modules/dat-gui/index.js","s":{"1":4,"2":0},"b":{},"f":{},"fnMap":{},"statementMap":{"1":{"start":{"line":1,"column":0},"end":{"line":1,"column":44}},"2":{"start":{"line":2,"column":0},"end":{"line":2,"column":52}}},"branchMap":{},"code":["module.exports = require('./vendor/dat.gui')","module.exports.color = require('./vendor/dat.color')"],"l":{"1":4,"2":0}},"/home/travis/build/npmtest/node-npmtest-dat-gui/node_modules/dat-gui/vendor/dat.gui.js":{"path":"/home/travis/build/npmtest/node-npmtest-dat-gui/node_modules/dat-gui/vendor/dat.gui.js","s":{"1":4,"2":4,"3":4,"4":4,"5":4,"6":4,"7":4,"8":4,"9":0,"10":0,"11":0,"12":0,"13":0,"14":0,"15":0,"16":0,"17":0,"18":0,"19":0,"20":4,"21":4,"22":4,"23":4,"24":40,"25":72,"26":300,"27":300,"28":40,"29":0,"30":0,"31":0,"32":0,"33":0,"34":0,"35":0,"36":0,"37":0,"38":0,"39":0,"40":56,"41":52,"42":4,"43":0,"44":0,"45":0,"46":4,"47":12,"48":0,"49":0,"50":0,"51":0,"52":0,"53":300,"54":0,"55":0,"56":0,"57":0,"58":0,"59":0,"60":0,"61":0,"62":4,"63":4,"64":0,"65":0,"66":0,"67":0,"68":0,"69":0,"70":4,"71":0,"72":0,"73":0,"74":0,"75":0,"76":0,"77":0,"78":0,"79":0,"80":0,"81":0,"82":0,"83":4,"84":4,"85":4,"86":4,"87":4,"88":12,"89":28,"90":4,"91":1,"92":0,"93":0,"94":0,"95":0,"96":0,"97":0,"98":4,"99":0,"100":0,"101":0,"102":0,"103":0,"104":0,"105":0,"106":0,"107":0,"108":0,"109":0,"110":0,"111":0,"112":0,"113":0,"114":0,"115":0,"116":0,"117":0,"118":0,"119":0,"120":0,"121":0,"122":0,"123":0,"124":0,"125":0,"126":0,"127":0,"128":0,"129":0,"130":0,"131":0,"132":0,"133":0,"134":0,"135":0,"136":0,"137":0,"138":0,"139":0,"140":0,"141":0,"142":0,"143":0,"144":0,"145":0,"146":0,"147":0,"148":0,"149":0,"150":0,"151":0,"152":0,"153":0,"154":0,"155":0,"156":0,"157":0,"158":0,"159":0,"160":0,"161":0,"162":0,"163":0,"164":0,"165":0,"166":0,"167":0,"168":0,"169":0,"170":0,"171":0,"172":0,"173":0,"174":0,"175":0,"176":0,"177":0,"178":4,"179":4,"180":4,"181":0,"182":0,"183":0,"184":0,"185":0,"186":0,"187":0,"188":0,"189":0,"190":0,"191":0,"192":0,"193":0,"194":0,"195":0,"196":0,"197":0,"198":0,"199":4,"200":4,"201":0,"202":0,"203":0,"204":0,"205":0,"206":0,"207":4,"208":4,"209":4,"210":0,"211":0,"212":0,"213":0,"214":0,"215":0,"216":0,"217":0,"218":0,"219":0,"220":0,"221":4,"222":4,"223":0,"224":0,"225":0,"226":0,"227":0,"228":0,"229":0,"230":0,"231":0,"232":0,"233":0,"234":0,"235":0,"236":1,"237":0,"238":0,"239":0,"240":0,"241":4,"242":4,"243":4,"244":0,"245":0,"246":0,"247":0,"248":0,"249":0,"250":0,"251":0,"252":0,"253":0,"254":0,"255":0,"256":0,"257":0,"258":1,"259":0,"260":0,"261":0,"262":1,"263":0,"264":0,"265":0,"266":1,"267":0,"268":0,"269":0,"270":1,"271":0,"272":0,"273":0,"274":1,"275":0,"276":0,"277":0,"278":0,"279":4,"280":4,"281":0,"282":0,"283":1,"284":0,"285":0,"286":4,"287":4,"288":4,"289":0,"290":0,"291":0,"292":0,"293":0,"294":0,"295":0,"296":1,"297":0,"298":0,"299":0,"300":1,"301":0,"302":0,"303":0,"304":0,"305":0,"306":1,"307":0,"308":0,"309":0,"310":0,"311":0,"312":0,"313":0,"314":4,"315":4,"316":0,"317":4,"318":0,"319":0,"320":0,"321":1,"322":0,"323":4,"324":4,"325":4,"326":0,"327":0,"328":0,"329":0,"330":0,"331":0,"332":0,"333":0,"334":0,"335":0,"336":4,"337":4,"338":0,"339":0,"340":0,"341":0,"342":0,"343":4,"344":4,"345":4,"346":0,"347":0,"348":0,"349":0,"350":0,"351":0,"352":0,"353":0,"354":1,"355":0,"356":4,"357":4,"358":0,"359":0,"360":0,"361":0,"362":0,"363":0,"364":0,"365":0,"366":0,"367":0,"368":4,"369":4,"370":4,"371":0,"372":0,"373":0,"374":0,"375":0,"376":0,"377":4,"378":4,"379":4,"380":0,"381":0,"382":0,"383":0,"384":0,"385":0,"386":0,"387":0,"388":0,"389":0,"390":0,"391":0,"392":0,"393":4,"394":0,"395":0,"396":0,"397":0,"398":0,"399":0,"400":0,"401":0,"402":0,"403":0,"404":0,"405":0,"406":0,"407":0,"408":0,"409":0,"410":0,"411":0,"412":0,"413":0,"414":0,"415":0,"416":0,"417":0,"418":0,"419":0,"420":0,"421":0,"422":0,"423":0,"424":0,"425":0,"426":0,"427":0,"428":0,"429":0,"430":0,"431":0,"432":0,"433":0,"434":0,"435":0,"436":4,"437":4,"438":0,"439":0,"440":0,"441":0,"442":0,"443":0,"444":0,"445":0,"446":0,"447":0,"448":0,"449":0,"450":0,"451":0,"452":0,"453":0,"454":0,"455":0,"456":0,"457":0,"458":0,"459":0,"460":0,"461":0,"462":0,"463":0,"464":0,"465":0,"466":0,"467":0,"468":0,"469":0,"470":0,"471":0,"472":0,"473":0,"474":0,"475":0,"476":0,"477":0,"478":0,"479":0,"480":0,"481":0,"482":0,"483":0,"484":0,"485":0,"486":0,"487":0,"488":0,"489":0,"490":0,"491":0,"492":0,"493":0,"494":0,"495":0,"496":0,"497":0,"498":0,"499":0,"500":0,"501":0,"502":0,"503":0,"504":0,"505":0,"506":0,"507":0,"508":0,"509":0,"510":0,"511":0,"512":0,"513":0,"514":0,"515":0,"516":0,"517":0,"518":0,"519":0,"520":0,"521":0,"522":0,"523":0,"524":0,"525":0,"526":0,"527":0,"528":0,"529":0,"530":0,"531":0,"532":0,"533":0,"534":0,"535":0,"536":0,"537":0,"538":0,"539":0,"540":0,"541":0,"542":0,"543":0,"544":0,"545":0,"546":0,"547":0,"548":0,"549":0,"550":0,"551":0,"552":0,"553":0,"554":0,"555":0,"556":0,"557":0,"558":0,"559":0,"560":0,"561":0,"562":0,"563":0,"564":1,"565":0,"566":0,"567":1,"568":0,"569":0,"570":0,"571":0,"572":0,"573":0,"574":0,"575":0,"576":0,"577":0,"578":0,"579":0,"580":0,"581":0,"582":0,"583":0,"584":0,"585":0,"586":0,"587":0,"588":0,"589":0,"590":0,"591":0,"592":0,"593":0,"594":0,"595":0,"596":0,"597":0,"598":0,"599":0,"600":0,"601":0,"602":0,"603":0,"604":0,"605":0,"606":0,"607":0,"608":0,"609":0,"610":0,"611":0,"612":0,"613":0,"614":0,"615":0,"616":0,"617":0,"618":0,"619":0,"620":0,"621":0,"622":0,"623":0,"624":0,"625":0,"626":0,"627":0,"628":0,"629":0,"630":0,"631":0,"632":0,"633":0,"634":0,"635":0,"636":0,"637":0,"638":0,"639":0,"640":0,"641":0,"642":0,"643":0,"644":0,"645":0,"646":0,"647":0,"648":0,"649":0,"650":0,"651":0,"652":0,"653":0,"654":0,"655":0,"656":0,"657":0,"658":0,"659":0,"660":0,"661":0,"662":0,"663":0,"664":0,"665":0,"666":0,"667":0,"668":0,"669":0,"670":0,"671":0,"672":0,"673":0,"674":0,"675":0,"676":0,"677":0,"678":0,"679":0,"680":0,"681":0,"682":0,"683":0,"684":1,"685":0,"686":0,"687":0,"688":0,"689":0,"690":0,"691":0,"692":0,"693":0,"694":0,"695":0,"696":0,"697":0,"698":0,"699":0,"700":0,"701":0,"702":0,"703":0,"704":0,"705":0,"706":0,"707":0,"708":1,"709":0,"710":0,"711":0,"712":0,"713":0,"714":0,"715":0,"716":0,"717":1,"718":0,"719":0,"720":0,"721":0,"722":0,"723":0,"724":0,"725":0,"726":0,"727":0,"728":0,"729":0,"730":0,"731":0,"732":0,"733":0,"734":0,"735":0,"736":0,"737":0,"738":0,"739":0,"740":0,"741":0,"742":0,"743":0,"744":0,"745":0,"746":0,"747":0,"748":0,"749":0,"750":0,"751":0,"752":0,"753":0,"754":0,"755":0,"756":0,"757":0,"758":0,"759":0,"760":0,"761":0,"762":0,"763":0,"764":0,"765":0,"766":0,"767":0,"768":0,"769":0,"770":0,"771":0,"772":0,"773":0,"774":1,"775":0,"776":0,"777":0,"778":0,"779":0,"780":0,"781":0,"782":0,"783":0,"784":0,"785":0,"786":0,"787":0,"788":0,"789":0,"790":0,"791":0,"792":0,"793":0,"794":0,"795":1,"796":0,"797":1,"798":0,"799":0,"800":0,"801":0,"802":0,"803":0,"804":0,"805":0,"806":0,"807":0,"808":0,"809":0,"810":0,"811":0,"812":0,"813":0,"814":0,"815":0,"816":0,"817":0,"818":0,"819":0,"820":0,"821":0,"822":0,"823":0,"824":0,"825":0,"826":0,"827":0,"828":0,"829":0,"830":0,"831":0,"832":0,"833":0,"834":0,"835":0,"836":0,"837":0,"838":1,"839":0,"840":0,"841":0,"842":0,"843":0,"844":0,"845":0,"846":0,"847":0,"848":0,"849":0,"850":0,"851":0,"852":0,"853":0,"854":0,"855":0,"856":0,"857":0,"858":0,"859":0,"860":0,"861":1,"862":0,"863":0,"864":0,"865":0,"866":0,"867":0,"868":1,"869":0,"870":0,"871":0,"872":0,"873":0,"874":0,"875":1,"876":0,"877":0,"878":0,"879":0,"880":0,"881":1,"882":0,"883":0,"884":0,"885":1,"886":0,"887":0,"888":0,"889":0,"890":0,"891":1,"892":0,"893":0,"894":0,"895":0,"896":0,"897":0,"898":0,"899":0,"900":1,"901":0,"902":0,"903":0,"904":0,"905":0,"906":0,"907":1,"908":0,"909":0,"910":0,"911":1,"912":0,"913":0,"914":0,"915":0,"916":1,"917":0,"918":0,"919":0,"920":0,"921":0,"922":0,"923":4,"924":0,"925":0,"926":0,"927":0,"928":0,"929":0,"930":0,"931":0,"932":0,"933":0,"934":0,"935":0,"936":0,"937":4,"938":0,"939":0,"940":0,"941":0,"942":0,"943":0,"944":0,"945":0,"946":0,"947":0,"948":1,"949":0,"950":1,"951":0,"952":0,"953":0,"954":0,"955":4,"956":4,"957":0,"958":0,"959":0,"960":4,"961":4,"962":0,"963":0,"964":0,"965":0,"966":0,"967":0,"968":0,"969":0,"970":0,"971":0,"972":0,"973":0,"974":0,"975":0,"976":0,"977":0,"978":0,"979":0,"980":0,"981":0,"982":0,"983":0,"984":0,"985":0,"986":0,"987":0,"988":0,"989":0,"990":0,"991":0,"992":0,"993":0,"994":0,"995":0,"996":0,"997":0,"998":0,"999":0,"1000":0,"1001":0,"1002":0,"1003":0,"1004":0,"1005":1,"1006":0,"1007":0,"1008":0,"1009":1,"1010":0,"1011":0,"1012":1,"1013":0,"1014":0,"1015":0,"1016":0,"1017":0,"1018":1,"1019":0,"1020":0,"1021":0,"1022":0,"1023":0,"1024":0,"1025":0,"1026":0,"1027":0,"1028":0,"1029":1,"1030":0,"1031":0,"1032":0,"1033":0,"1034":0,"1035":0,"1036":0,"1037":0,"1038":0,"1039":0,"1040":0,"1041":0,"1042":0,"1043":0,"1044":0,"1045":0,"1046":0,"1047":1,"1048":0,"1049":0,"1050":0,"1051":0,"1052":0,"1053":0,"1054":0,"1055":0,"1056":0,"1057":0,"1058":0,"1059":4,"1060":4,"1061":0,"1062":0,"1063":0,"1064":0,"1065":0,"1066":0,"1067":0,"1068":0,"1069":0,"1070":0,"1071":0,"1072":0,"1073":0,"1074":0,"1075":0,"1076":0,"1077":0,"1078":0,"1079":0,"1080":4,"1081":1,"1082":0,"1083":0,"1084":0,"1085":1,"1086":0,"1087":0,"1088":0,"1089":0,"1090":0,"1091":0,"1092":4,"1093":4,"1094":0,"1095":0,"1096":0,"1097":0,"1098":4,"1099":4,"1100":0,"1101":0,"1102":4,"1103":4,"1104":4,"1105":4,"1106":4,"1107":4,"1108":4,"1109":0,"1110":0,"1111":4,"1112":0,"1113":0,"1114":0,"1115":0,"1116":0,"1117":1,"1118":12,"1119":0,"1120":0,"1121":0,"1122":0,"1123":0,"1124":0,"1125":0,"1126":0,"1127":1,"1128":12,"1129":0,"1130":0,"1131":0,"1132":0,"1133":0,"1134":0,"1135":0,"1136":0,"1137":1,"1138":0,"1139":0,"1140":0,"1141":0,"1142":0,"1143":1,"1144":0,"1145":0,"1146":0,"1147":0,"1148":0,"1149":0,"1150":4,"1151":4,"1152":4,"1153":0,"1154":0,"1155":0,"1156":0,"1157":0,"1158":0,"1159":0,"1160":0,"1161":0,"1162":0,"1163":0,"1164":0,"1165":0,"1166":0,"1167":0,"1168":0,"1169":0,"1170":0,"1171":0,"1172":0,"1173":0,"1174":0,"1175":0,"1176":0,"1177":0,"1178":0,"1179":4,"1180":0,"1181":0,"1182":0,"1183":0,"1184":0,"1185":0,"1186":0,"1187":0,"1188":0,"1189":0,"1190":0,"1191":0,"1192":0,"1193":0,"1194":0,"1195":0,"1196":0,"1197":0,"1198":0,"1199":0,"1200":0,"1201":0,"1202":0,"1203":0,"1204":0,"1205":0,"1206":0,"1207":0,"1208":0,"1209":0,"1210":0,"1211":0,"1212":0,"1213":0,"1214":0,"1215":0,"1216":0,"1217":0,"1218":0,"1219":0,"1220":0,"1221":1,"1222":0,"1223":0},"b":{"1":[4,4],"2":[4,4],"3":[4,4],"4":[4,4],"5":[4,4],"6":[4,4],"7":[0,0],"8":[0,0],"9":[300,0],"10":[0,0],"11":[52,4],"12":[56,56],"13":[0,4],"14":[0,0],"15":[0,0],"16":[0,12],"17":[0,0],"18":[4,0],"19":[0,0],"20":[0,0],"21":[0,0],"22":[0,0],"23":[0,0],"24":[0,0],"25":[0,0],"26":[0,0],"27":[0,0],"28":[0,0],"29":[0,0],"30":[0,0],"31":[0,0],"32":[0,0],"33":[0,0],"34":[0,0],"35":[0,0],"36":[0,0,0],"37":[0,0,0],"38":[0,0,0],"39":[0,0],"40":[0,0],"41":[0,0],"42":[0,0],"43":[0,0],"44":[0,0],"45":[0,0],"46":[0,0],"47":[0,0],"48":[0,0],"49":[0,0],"50":[0,0],"51":[0,0],"52":[0,0],"53":[0,0],"54":[0,0],"55":[0,0],"56":[0,0],"57":[0,0],"58":[0,0],"59":[0,0],"60":[0,0],"61":[0,0,0],"62":[0,0],"63":[0,0],"64":[0,0],"65":[0,0],"66":[0,0],"67":[0,0],"68":[0,0],"69":[0,0],"70":[0,0],"71":[0,0],"72":[0,0],"73":[0,0],"74":[0,0],"75":[0,0],"76":[0,0],"77":[0,0],"78":[0,0],"79":[0,0],"80":[0,0],"81":[0,0],"82":[0,0],"83":[0,0],"84":[0,0],"85":[0,0],"86":[0,0],"87":[0,0],"88":[0,0],"89":[0,0],"90":[0,0],"91":[0,0],"92":[0,0],"93":[0,0],"94":[0,0],"95":[0,0],"96":[0,0],"97":[0,0,0,0],"98":[0,0],"99":[0,0,0],"100":[0,0],"101":[0,0,0,0],"102":[0,0],"103":[0,0,0],"104":[0,0],"105":[0,0],"106":[0,0],"107":[0,0],"108":[0,0],"109":[0,0],"110":[0,0],"111":[0,0],"112":[0,0],"113":[0,0],"114":[0,0],"115":[0,0],"116":[0,0],"117":[0,0],"118":[0,0],"119":[0,0],"120":[0,0],"121":[0,0],"122":[0,0],"123":[0,0],"124":[0,0],"125":[0,0],"126":[0,0],"127":[0,0],"128":[0,0],"129":[0,0],"130":[0,0],"131":[0,0],"132":[0,0],"133":[0,0],"134":[0,0],"135":[0,0],"136":[0,0],"137":[0,0,0],"138":[0,0],"139":[0,0],"140":[0,0],"141":[0,0,0],"142":[0,0],"143":[0,0],"144":[0,0],"145":[0,0],"146":[0,0],"147":[0,0],"148":[0,0],"149":[0,0],"150":[0,0],"151":[0,0],"152":[0,0],"153":[0,0],"154":[0,0],"155":[0,0],"156":[0,0],"157":[0,0],"158":[0,0],"159":[0,0],"160":[0,0],"161":[0,0],"162":[0,0],"163":[0,0],"164":[0,0],"165":[0,0],"166":[0,0],"167":[0,0],"168":[0,0],"169":[0,0],"170":[0,0],"171":[0,0],"172":[0,0],"173":[0,0],"174":[0,0],"175":[0,0],"176":[0,0],"177":[0,0],"178":[0,0],"179":[0,0],"180":[0,0],"181":[0,0],"182":[0,0],"183":[0,0],"184":[0,0],"185":[0,0],"186":[0,0],"187":[0,0],"188":[0,0],"189":[0,0],"190":[0,0],"191":[0,0],"192":[0,0,0],"193":[0,0],"194":[0,0],"195":[0,0],"196":[0,0],"197":[0,0],"198":[0,0],"199":[0,0],"200":[0,0],"201":[0,0],"202":[0,0],"203":[0,0],"204":[0,0],"205":[0,0],"206":[0,0],"207":[0,0],"208":[0,0],"209":[0,0],"210":[0,0],"211":[0,0],"212":[0,0],"213":[0,0],"214":[0,0],"215":[0,0],"216":[0,0],"217":[0,0],"218":[0,0],"219":[0,0],"220":[0,0],"221":[0,0],"222":[0,0],"223":[0,0],"224":[0,0,0],"225":[0,0],"226":[0,0],"227":[0,0],"228":[0,0],"229":[0,0],"230":[0,0],"231":[0,0],"232":[0,0],"233":[0,0],"234":[0,0],"235":[0,0],"236":[0,0],"237":[0,0],"238":[0,0],"239":[0,0],"240":[0,0],"241":[0,0],"242":[0,0],"243":[4,0,0,0,0]},"f":{"1":4,"2":0,"3":0,"4":4,"5":40,"6":72,"7":0,"8":0,"9":0,"10":0,"11":56,"12":0,"13":0,"14":300,"15":0,"16":0,"17":0,"18":0,"19":0,"20":0,"21":0,"22":0,"23":4,"24":0,"25":0,"26":0,"27":0,"28":0,"29":0,"30":0,"31":4,"32":12,"33":28,"34":0,"35":0,"36":0,"37":0,"38":0,"39":0,"40":0,"41":0,"42":0,"43":0,"44":0,"45":0,"46":0,"47":0,"48":0,"49":4,"50":0,"51":0,"52":0,"53":0,"54":0,"55":0,"56":4,"57":0,"58":0,"59":0,"60":0,"61":0,"62":0,"63":4,"64":0,"65":0,"66":0,"67":0,"68":0,"69":0,"70":0,"71":0,"72":0,"73":4,"74":0,"75":0,"76":0,"77":0,"78":0,"79":0,"80":0,"81":4,"82":0,"83":0,"84":0,"85":4,"86":0,"87":0,"88":0,"89":0,"90":4,"91":0,"92":4,"93":0,"94":0,"95":0,"96":0,"97":0,"98":0,"99":0,"100":0,"101":0,"102":0,"103":0,"104":0,"105":0,"106":0,"107":0,"108":0,"109":0,"110":0,"111":0,"112":0,"113":0,"114":0,"115":0,"116":0,"117":0,"118":0,"119":0,"120":0,"121":0,"122":0,"123":0,"124":0,"125":0,"126":0,"127":0,"128":0,"129":0,"130":0,"131":0,"132":0,"133":0,"134":0,"135":0,"136":0,"137":0,"138":0,"139":0,"140":0,"141":0,"142":0,"143":0,"144":0,"145":0,"146":0,"147":0,"148":0,"149":0,"150":0,"151":0,"152":0,"153":0,"154":0,"155":0,"156":0,"157":0,"158":0,"159":0,"160":0,"161":0,"162":0,"163":0,"164":0,"165":0,"166":0,"167":0,"168":0,"169":0,"170":0,"171":0,"172":0,"173":0,"174":0,"175":0,"176":0,"177":0,"178":0,"179":0,"180":0,"181":0,"182":0,"183":0,"184":0,"185":0,"186":0,"187":0,"188":0,"189":0,"190":0,"191":0,"192":0,"193":0,"194":0,"195":0,"196":0,"197":0,"198":0,"199":0,"200":0,"201":0,"202":0,"203":0,"204":0,"205":0,"206":0,"207":0,"208":4,"209":0,"210":4,"211":0,"212":0,"213":0,"214":0,"215":0,"216":4,"217":0,"218":0,"219":0,"220":0,"221":0,"222":0,"223":0,"224":0,"225":0,"226":0,"227":0,"228":0,"229":0,"230":0,"231":0,"232":0,"233":4,"234":0,"235":0,"236":0,"237":0,"238":0,"239":0,"240":0,"241":12,"242":0,"243":0,"244":12,"245":0,"246":0,"247":0,"248":0,"249":4,"250":0,"251":0,"252":0,"253":0,"254":0,"255":4,"256":0,"257":0,"258":0,"259":0,"260":0,"261":0,"262":0,"263":0,"264":0,"265":0},"fnMap":{"1":{"name":"(anonymous_1)","line":32,"loc":{"start":{"line":32,"column":17},"end":{"line":32,"column":29}}},"2":{"name":"(anonymous_2)","line":34,"loc":{"start":{"line":34,"column":10},"end":{"line":34,"column":30}}},"3":{"name":"(anonymous_3)","line":42,"loc":{"start":{"line":42,"column":12},"end":{"line":42,"column":31}}},"4":{"name":"(anonymous_4)","line":53,"loc":{"start":{"line":53,"column":20},"end":{"line":53,"column":32}}},"5":{"name":"(anonymous_5)","line":68,"loc":{"start":{"line":68,"column":12},"end":{"line":68,"column":29}}},"6":{"name":"(anonymous_6)","line":70,"loc":{"start":{"line":70,"column":46},"end":{"line":70,"column":60}}},"7":{"name":"(anonymous_7)","line":82,"loc":{"start":{"line":82,"column":14},"end":{"line":82,"column":31}}},"8":{"name":"(anonymous_8)","line":84,"loc":{"start":{"line":84,"column":46},"end":{"line":84,"column":60}}},"9":{"name":"(anonymous_9)","line":96,"loc":{"start":{"line":96,"column":13},"end":{"line":96,"column":24}}},"10":{"name":"(anonymous_10)","line":98,"loc":{"start":{"line":98,"column":19},"end":{"line":98,"column":30}}},"11":{"name":"(anonymous_11)","line":107,"loc":{"start":{"line":107,"column":10},"end":{"line":107,"column":36}}},"12":{"name":"(anonymous_12)","line":130,"loc":{"start":{"line":130,"column":11},"end":{"line":130,"column":25}}},"13":{"name":"(anonymous_13)","line":134,"loc":{"start":{"line":134,"column":13},"end":{"line":134,"column":27}}},"14":{"name":"(anonymous_14)","line":139,"loc":{"start":{"line":139,"column":17},"end":{"line":139,"column":31}}},"15":{"name":"(anonymous_15)","line":143,"loc":{"start":{"line":143,"column":12},"end":{"line":143,"column":26}}},"16":{"name":"(anonymous_16)","line":147,"loc":{"start":{"line":147,"column":11},"end":{"line":147,"column":25}}},"17":{"name":"(anonymous_17)","line":151,"loc":{"start":{"line":151,"column":30},"end":{"line":151,"column":44}}},"18":{"name":"(anonymous_18)","line":155,"loc":{"start":{"line":155,"column":14},"end":{"line":155,"column":28}}},"19":{"name":"(anonymous_19)","line":159,"loc":{"start":{"line":159,"column":14},"end":{"line":159,"column":28}}},"20":{"name":"(anonymous_20)","line":163,"loc":{"start":{"line":163,"column":14},"end":{"line":163,"column":28}}},"21":{"name":"(anonymous_21)","line":167,"loc":{"start":{"line":167,"column":15},"end":{"line":167,"column":29}}},"22":{"name":"(anonymous_22)","line":171,"loc":{"start":{"line":171,"column":16},"end":{"line":171,"column":30}}},"23":{"name":"(anonymous_23)","line":180,"loc":{"start":{"line":180,"column":30},"end":{"line":180,"column":48}}},"24":{"name":"(anonymous_24)","line":190,"loc":{"start":{"line":190,"column":19},"end":{"line":190,"column":46}}},"25":{"name":"(anonymous_25)","line":243,"loc":{"start":{"line":243,"column":18},"end":{"line":243,"column":32}}},"26":{"name":"(anonymous_26)","line":257,"loc":{"start":{"line":257,"column":24},"end":{"line":257,"column":38}}},"27":{"name":"(anonymous_27)","line":267,"loc":{"start":{"line":267,"column":18},"end":{"line":267,"column":37}}},"28":{"name":"(anonymous_28)","line":281,"loc":{"start":{"line":281,"column":18},"end":{"line":281,"column":29}}},"29":{"name":"(anonymous_29)","line":290,"loc":{"start":{"line":290,"column":23},"end":{"line":290,"column":34}}},"30":{"name":"(anonymous_30)","line":297,"loc":{"start":{"line":297,"column":20},"end":{"line":297,"column":31}}},"31":{"name":"(anonymous_31)","line":311,"loc":{"start":{"line":311,"column":15},"end":{"line":311,"column":33}}},"32":{"name":"(anonymous_32)","line":320,"loc":{"start":{"line":320,"column":25},"end":{"line":320,"column":40}}},"33":{"name":"(anonymous_33)","line":321,"loc":{"start":{"line":321,"column":19},"end":{"line":321,"column":31}}},"34":{"name":"cssValueToPixels","line":328,"loc":{"start":{"line":328,"column":2},"end":{"line":328,"column":33}}},"35":{"name":"(anonymous_35)","line":355,"loc":{"start":{"line":355,"column":20},"end":{"line":355,"column":47}}},"36":{"name":"(anonymous_36)","line":359,"loc":{"start":{"line":359,"column":40},"end":{"line":359,"column":51}}},"37":{"name":"(anonymous_37)","line":361,"loc":{"start":{"line":361,"column":10},"end":{"line":361,"column":21}}},"38":{"name":"(anonymous_38)","line":376,"loc":{"start":{"line":376,"column":20},"end":{"line":376,"column":57}}},"39":{"name":"(anonymous_39)","line":400,"loc":{"start":{"line":400,"column":15},"end":{"line":400,"column":54}}},"40":{"name":"(anonymous_40)","line":452,"loc":{"start":{"line":452,"column":10},"end":{"line":452,"column":44}}},"41":{"name":"(anonymous_41)","line":468,"loc":{"start":{"line":468,"column":12},"end":{"line":468,"column":46}}},"42":{"name":"(anonymous_42)","line":482,"loc":{"start":{"line":482,"column":14},"end":{"line":482,"column":40}}},"43":{"name":"(anonymous_43)","line":500,"loc":{"start":{"line":500,"column":17},"end":{"line":500,"column":43}}},"44":{"name":"(anonymous_44)","line":520,"loc":{"start":{"line":520,"column":14},"end":{"line":520,"column":40}}},"45":{"name":"(anonymous_45)","line":528,"loc":{"start":{"line":528,"column":14},"end":{"line":528,"column":29}}},"46":{"name":"(anonymous_46)","line":543,"loc":{"start":{"line":543,"column":15},"end":{"line":543,"column":30}}},"47":{"name":"(anonymous_47)","line":558,"loc":{"start":{"line":558,"column":15},"end":{"line":558,"column":30}}},"48":{"name":"(anonymous_48)","line":574,"loc":{"start":{"line":574,"column":14},"end":{"line":574,"column":29}}},"49":{"name":"(anonymous_49)","line":585,"loc":{"start":{"line":585,"column":36},"end":{"line":585,"column":71}}},"50":{"name":"(anonymous_50)","line":600,"loc":{"start":{"line":600,"column":25},"end":{"line":600,"column":61}}},"51":{"name":"(anonymous_51)","line":614,"loc":{"start":{"line":614,"column":27},"end":{"line":614,"column":45}}},"52":{"name":"(anonymous_52)","line":620,"loc":{"start":{"line":620,"column":25},"end":{"line":620,"column":46}}},"53":{"name":"(anonymous_53)","line":632,"loc":{"start":{"line":632,"column":38},"end":{"line":632,"column":49}}},"54":{"name":"(anonymous_54)","line":650,"loc":{"start":{"line":650,"column":18},"end":{"line":650,"column":30}}},"55":{"name":"(anonymous_55)","line":658,"loc":{"start":{"line":658,"column":23},"end":{"line":658,"column":34}}},"56":{"name":"(anonymous_56)","line":674,"loc":{"start":{"line":674,"column":36},"end":{"line":674,"column":66}}},"57":{"name":"(anonymous_57)","line":690,"loc":{"start":{"line":690,"column":25},"end":{"line":690,"column":60}}},"58":{"name":"(anonymous_58)","line":730,"loc":{"start":{"line":730,"column":18},"end":{"line":730,"column":30}}},"59":{"name":"(anonymous_59)","line":753,"loc":{"start":{"line":753,"column":13},"end":{"line":753,"column":25}}},"60":{"name":"(anonymous_60)","line":765,"loc":{"start":{"line":765,"column":13},"end":{"line":765,"column":25}}},"61":{"name":"(anonymous_61)","line":780,"loc":{"start":{"line":780,"column":14},"end":{"line":780,"column":26}}},"62":{"name":"numDecimals","line":789,"loc":{"start":{"line":789,"column":2},"end":{"line":789,"column":26}}},"63":{"name":"(anonymous_63)","line":804,"loc":{"start":{"line":804,"column":39},"end":{"line":804,"column":80}}},"64":{"name":"(anonymous_64)","line":822,"loc":{"start":{"line":822,"column":28},"end":{"line":822,"column":63}}},"65":{"name":"(anonymous_65)","line":844,"loc":{"start":{"line":844,"column":38},"end":{"line":844,"column":50}}},"66":{"name":"onChange","line":855,"loc":{"start":{"line":855,"column":4},"end":{"line":855,"column":24}}},"67":{"name":"onBlur","line":860,"loc":{"start":{"line":860,"column":4},"end":{"line":860,"column":22}}},"68":{"name":"onMouseDown","line":867,"loc":{"start":{"line":867,"column":4},"end":{"line":867,"column":28}}},"69":{"name":"onMouseDrag","line":873,"loc":{"start":{"line":873,"column":4},"end":{"line":873,"column":28}}},"70":{"name":"onMouseUp","line":882,"loc":{"start":{"line":882,"column":4},"end":{"line":882,"column":25}}},"71":{"name":"(anonymous_71)","line":902,"loc":{"start":{"line":902,"column":23},"end":{"line":902,"column":34}}},"72":{"name":"roundToDecimal","line":912,"loc":{"start":{"line":912,"column":2},"end":{"line":912,"column":43}}},"73":{"name":"(anonymous_73)","line":924,"loc":{"start":{"line":924,"column":42},"end":{"line":924,"column":100}}},"74":{"name":"(anonymous_74)","line":944,"loc":{"start":{"line":944,"column":31},"end":{"line":944,"column":74}}},"75":{"name":"onMouseDown","line":960,"loc":{"start":{"line":960,"column":4},"end":{"line":960,"column":28}}},"76":{"name":"onMouseDrag","line":968,"loc":{"start":{"line":968,"column":4},"end":{"line":968,"column":28}}},"77":{"name":"onMouseUp","line":983,"loc":{"start":{"line":983,"column":4},"end":{"line":983,"column":25}}},"78":{"name":"(anonymous_78)","line":1003,"loc":{"start":{"line":1003,"column":44},"end":{"line":1003,"column":55}}},"79":{"name":"(anonymous_79)","line":1014,"loc":{"start":{"line":1014,"column":23},"end":{"line":1014,"column":34}}},"80":{"name":"map","line":1026,"loc":{"start":{"line":1026,"column":2},"end":{"line":1026,"column":34}}},"81":{"name":"(anonymous_81)","line":1039,"loc":{"start":{"line":1039,"column":38},"end":{"line":1039,"column":73}}},"82":{"name":"(anonymous_82)","line":1051,"loc":{"start":{"line":1051,"column":27},"end":{"line":1051,"column":60}}},"83":{"name":"(anonymous_83)","line":1059,"loc":{"start":{"line":1059,"column":37},"end":{"line":1059,"column":49}}},"84":{"name":"(anonymous_84)","line":1080,"loc":{"start":{"line":1080,"column":14},"end":{"line":1080,"column":25}}},"85":{"name":"(anonymous_85)","line":1100,"loc":{"start":{"line":1100,"column":37},"end":{"line":1100,"column":72}}},"86":{"name":"(anonymous_86)","line":1111,"loc":{"start":{"line":1111,"column":26},"end":{"line":1111,"column":53}}},"87":{"name":"onChange","line":1129,"loc":{"start":{"line":1129,"column":4},"end":{"line":1129,"column":24}}},"88":{"name":"(anonymous_88)","line":1144,"loc":{"start":{"line":1144,"column":18},"end":{"line":1144,"column":30}}},"89":{"name":"(anonymous_89)","line":1153,"loc":{"start":{"line":1153,"column":23},"end":{"line":1153,"column":34}}},"90":{"name":"(anonymous_90)","line":1178,"loc":{"start":{"line":1178,"column":22},"end":{"line":1178,"column":40}}},"91":{"name":"(anonymous_91)","line":1180,"loc":{"start":{"line":1180,"column":9},"end":{"line":1180,"column":25}}},"92":{"name":"(anonymous_92)","line":1202,"loc":{"start":{"line":1202,"column":23},"end":{"line":1202,"column":51}}},"93":{"name":"(anonymous_93)","line":1206,"loc":{"start":{"line":1206,"column":18},"end":{"line":1206,"column":29}}},"94":{"name":"(anonymous_94)","line":1212,"loc":{"start":{"line":1212,"column":33},"end":{"line":1212,"column":50}}},"95":{"name":"(anonymous_95)","line":1216,"loc":{"start":{"line":1216,"column":40},"end":{"line":1216,"column":77}}},"96":{"name":"(anonymous_96)","line":1251,"loc":{"start":{"line":1251,"column":16},"end":{"line":1251,"column":35}}},"97":{"name":"(anonymous_97)","line":1273,"loc":{"start":{"line":1273,"column":16},"end":{"line":1273,"column":35}}},"98":{"name":"(anonymous_98)","line":1291,"loc":{"start":{"line":1291,"column":16},"end":{"line":1291,"column":35}}},"99":{"name":"(anonymous_99)","line":1311,"loc":{"start":{"line":1311,"column":16},"end":{"line":1311,"column":35}}},"100":{"name":"(anonymous_100)","line":1342,"loc":{"start":{"line":1342,"column":16},"end":{"line":1342,"column":35}}},"101":{"name":"(anonymous_101)","line":1350,"loc":{"start":{"line":1350,"column":17},"end":{"line":1350,"column":33}}},"102":{"name":"(anonymous_102)","line":1367,"loc":{"start":{"line":1367,"column":16},"end":{"line":1367,"column":35}}},"103":{"name":"(anonymous_103)","line":1377,"loc":{"start":{"line":1377,"column":17},"end":{"line":1377,"column":33}}},"104":{"name":"(anonymous_104)","line":1384,"loc":{"start":{"line":1384,"column":16},"end":{"line":1384,"column":35}}},"105":{"name":"(anonymous_105)","line":1395,"loc":{"start":{"line":1395,"column":17},"end":{"line":1395,"column":33}}},"106":{"name":"(anonymous_106)","line":1413,"loc":{"start":{"line":1413,"column":16},"end":{"line":1413,"column":35}}},"107":{"name":"(anonymous_107)","line":1429,"loc":{"start":{"line":1429,"column":17},"end":{"line":1429,"column":33}}},"108":{"name":"(anonymous_108)","line":1440,"loc":{"start":{"line":1440,"column":16},"end":{"line":1440,"column":35}}},"109":{"name":"(anonymous_109)","line":1454,"loc":{"start":{"line":1454,"column":17},"end":{"line":1454,"column":33}}},"110":{"name":"(anonymous_110)","line":1464,"loc":{"start":{"line":1464,"column":16},"end":{"line":1464,"column":35}}},"111":{"name":"(anonymous_111)","line":1480,"loc":{"start":{"line":1480,"column":17},"end":{"line":1480,"column":33}}},"112":{"name":"(anonymous_112)","line":1491,"loc":{"start":{"line":1491,"column":16},"end":{"line":1491,"column":35}}},"113":{"name":"(anonymous_113)","line":1505,"loc":{"start":{"line":1505,"column":17},"end":{"line":1505,"column":33}}},"114":{"name":"(anonymous_114)","line":1529,"loc":{"start":{"line":1529,"column":25},"end":{"line":1529,"column":273}}},"115":{"name":"(anonymous_115)","line":1543,"loc":{"start":{"line":1543,"column":32},"end":{"line":1543,"column":43}}},"116":{"name":"(anonymous_116)","line":1580,"loc":{"start":{"line":1580,"column":12},"end":{"line":1580,"column":29}}},"117":{"name":"(anonymous_117)","line":1684,"loc":{"start":{"line":1684,"column":17},"end":{"line":1684,"column":28}}},"118":{"name":"(anonymous_118)","line":1690,"loc":{"start":{"line":1690,"column":17},"end":{"line":1690,"column":28}}},"119":{"name":"(anonymous_119)","line":1700,"loc":{"start":{"line":1700,"column":17},"end":{"line":1700,"column":28}}},"120":{"name":"(anonymous_120)","line":1711,"loc":{"start":{"line":1711,"column":17},"end":{"line":1711,"column":28}}},"121":{"name":"(anonymous_121)","line":1719,"loc":{"start":{"line":1719,"column":17},"end":{"line":1719,"column":29}}},"122":{"name":"(anonymous_122)","line":1736,"loc":{"start":{"line":1736,"column":17},"end":{"line":1736,"column":28}}},"123":{"name":"(anonymous_123)","line":1739,"loc":{"start":{"line":1739,"column":17},"end":{"line":1739,"column":29}}},"124":{"name":"(anonymous_124)","line":1751,"loc":{"start":{"line":1751,"column":17},"end":{"line":1751,"column":28}}},"125":{"name":"(anonymous_125)","line":1754,"loc":{"start":{"line":1754,"column":17},"end":{"line":1754,"column":29}}},"126":{"name":"(anonymous_126)","line":1768,"loc":{"start":{"line":1768,"column":17},"end":{"line":1768,"column":28}}},"127":{"name":"(anonymous_127)","line":1771,"loc":{"st
[...]
.style.cssText += 'background: -webkit-linear-gradient(top,  #ff0000 0%,#ff00ff 17%,#0000ff 34%,#00ffff 50%,#00ff00 67%,#ffff00 84%,#ff0000 100%);'","    elem.style.cssText += 'background: -o-linear-gradient(top,  #ff0000 0%,#ff00ff 17%,#0000ff 34%,#00ffff 50%,#00ff00 67%,#ffff00 84%,#ff0000 100%);'","    elem.style.cssText += 'background: -ms-linear-gradient(top,  #ff0000 0%,#ff00ff 17%,#0000ff 34%,#00ffff 50%,#00ff00 67%,#ffff00 84%,#ff0000 100%);'","    elem.style.cssText += 'background: linear-gradient(top,  #ff0000 0%,#ff00ff 17%,#0000ff 34%,#00ffff 50%,#00ff00 67%,#ffff00 84%,#ff0000 100%);'","  }","","","  return ColorController;","","})(dat.controllers.Controller,","dat.dom.dom,","dat.color.Color = (function (interpret, math, toString, common) {","","  var Color = function() {","","    this.__state = interpret.apply(this, arguments);","","    if (this.__state === false) {","      throw 'Failed to interpret color arguments';","    }","","    this.__state.a = this.__state.a || 1;","","","  };","","  Color.COMPONENTS = ['r','g','b','h','s','v','hex','a'];","","  common.extend(Color.prototype, {","","    toString: function() {","      return toString(this);","    },","","    toOriginal: function() {","      return this.__state.conversion.write(this);","    }","","  });","","  defineRGBComponent(Color.prototype, 'r', 2);","  defineRGBComponent(Color.prototype, 'g', 1);","  defineRGBComponent(Color.prototype, 'b', 0);","","  defineHSVComponent(Color.prototype, 'h');","  defineHSVComponent(Color.prototype, 's');","  defineHSVComponent(Color.prototype, 'v');","","  Object.defineProperty(Color.prototype, 'a', {","","    get: function() {","      return this.__state.a;","    },","","    set: function(v) {","      this.__state.a = v;","    }","","  });","","  Object.defineProperty(Color.prototype, 'hex', {","","    get: function() {","","      if (!this.__state.space !== 'HEX') {","        this.__state.hex = math.rgb_to_hex(this.r, this.g, this.b);","      }","","      return this.__state.hex;","","    },","","    set: function(v) {","","      this.__state.space = 'HEX';","      this.__state.hex = v;","","    }","","  });","","  function defineRGBComponent(target, component, componentHexIndex) {","","    Object.defineProperty(target, component, {","","      get: function() {","","        if (this.__state.space === 'RGB') {","          return this.__state[component];","        }","","        recalculateRGB(this, component, componentHexIndex);","","        return this.__state[component];","","      },","","      set: function(v) {","","        if (this.__state.space !== 'RGB') {","          recalculateRGB(this, component, componentHexIndex);","          this.__state.space = 'RGB';","        }","","        this.__state[component] = v;","","      }","","    });","","  }","","  function defineHSVComponent(target, component) {","","    Object.defineProperty(target, component, {","","      get: function() {","","        if (this.__state.space === 'HSV')","          return this.__state[component];","","        recalculateHSV(this);","","        return this.__state[component];","","      },","","      set: function(v) {","","        if (this.__state.space !== 'HSV') {","          recalculateHSV(this);","          this.__state.space = 'HSV';","        }","","        this.__state[component] = v;","","      }","","    });","","  }","","  function recalculateRGB(color, component, componentHexIndex) {","","    if (color.__state.space === 'HEX') {","","      color.__state[component] = math.component_from_hex(color.__state.hex, componentHexIndex);","","    } else if (color.__state.space === 'HSV') {","","      common.extend(color.__state, math.hsv_to_rgb(color.__state.h, color.__state.s, color.__state.v));","","    } else {","","      throw 'Corrupted color state';","","    }","","  }","","  function recalculateHSV(color) {","","    var result = math.rgb_to_hsv(color.r, color.g, color.b);","","    common.extend(color.__state,","        {","          s: result.s,","          v: result.v","        }","    );","","    if (!common.isNaN(result.h)) {","      color.__state.h = result.h;","    } else if (common.isUndefined(color.__state.h)) {","      color.__state.h = 0;","    }","","  }","","  return Color;","","})(dat.color.interpret,","dat.color.math = (function () {","","  var tmpComponent;","","  return {","","    hsv_to_rgb: function(h, s, v) {","","      var hi = Math.floor(h / 60) % 6;","","      var f = h / 60 - Math.floor(h / 60);","      var p = v * (1.0 - s);","      var q = v * (1.0 - (f * s));","      var t = v * (1.0 - ((1.0 - f) * s));","      var c = [","        [v, t, p],","        [q, v, p],","        [p, v, t],","        [p, q, v],","        [t, p, v],","        [v, p, q]","      ][hi];","","      return {","        r: c[0] * 255,","        g: c[1] * 255,","        b: c[2] * 255","      };","","    },","","    rgb_to_hsv: function(r, g, b) {","","      var min = Math.min(r, g, b),","          max = Math.max(r, g, b),","          delta = max - min,","          h, s;","","      if (max != 0) {","        s = delta / max;","      } else {","        return {","          h: NaN,","          s: 0,","          v: 0","        };","      }","","      if (r == max) {","        h = (g - b) / delta;","      } else if (g == max) {","        h = 2 + (b - r) / delta;","      } else {","        h = 4 + (r - g) / delta;","      }","      h /= 6;","      if (h < 0) {","        h += 1;","      }","","      return {","        h: h * 360,","        s: s,","        v: max / 255","      };","    },","","    rgb_to_hex: function(r, g, b) {","      var hex = this.hex_with_component(0, 2, r);","      hex = this.hex_with_component(hex, 1, g);","      hex = this.hex_with_component(hex, 0, b);","      return hex;","    },","","    component_from_hex: function(hex, componentIndex) {","      return (hex >> (componentIndex * 8)) & 0xFF;","    },","","    hex_with_component: function(hex, componentIndex, value) {","      return value << (tmpComponent = componentIndex * 8) | (hex & ~ (0xFF << tmpComponent));","    }","","  }","","})(),","dat.color.toString,","dat.utils.common),","dat.color.interpret,","dat.utils.common),","dat.utils.requestAnimationFrame = (function () {","","  /**","   * requirejs version of Paul Irish's RequestAnimationFrame","   * http://paulirish.com/2011/requestanimationframe-for-smart-animating/","   */","","  return window.webkitRequestAnimationFrame ||","      window.mozRequestAnimationFrame ||","      window.oRequestAnimationFrame ||","      window.msRequestAnimationFrame ||","      function(callback, element) {","","        window.setTimeout(callback, 1000 / 60);","","      };","})(),","dat.dom.CenteredDiv = (function (dom, common) {","","","  var CenteredDiv = function() {","","    this.backgroundElement = document.createElement('div');","    common.extend(this.backgroundElement.style, {","      backgroundColor: 'rgba(0,0,0,0.8)',","      top: 0,","      left: 0,","      display: 'none',","      zIndex: '1000',","      opacity: 0,","      WebkitTransition: 'opacity 0.2s linear'","    });","","    dom.makeFullscreen(this.backgroundElement);","    this.backgroundElement.style.position = 'fixed';","","    this.domElement = document.createElement('div');","    common.extend(this.domElement.style, {","      position: 'fixed',","      display: 'none',","      zIndex: '1001',","      opacity: 0,","      WebkitTransition: '-webkit-transform 0.2s ease-out, opacity 0.2s linear'","    });","","","    document.body.appendChild(this.backgroundElement);","    document.body.appendChild(this.domElement);","","    var _this = this;","    dom.bind(this.backgroundElement, 'click', function() {","      _this.hide();","    });","","","  };","","  CenteredDiv.prototype.show = function() {","","    var _this = this;","    ","","","    this.backgroundElement.style.display = 'block';","","    this.domElement.style.display = 'block';","    this.domElement.style.opacity = 0;","//    this.domElement.style.top = '52%';","    this.domElement.style.webkitTransform = 'scale(1.1)';","","    this.layout();","","    common.defer(function() {","      _this.backgroundElement.style.opacity = 1;","      _this.domElement.style.opacity = 1;","      _this.domElement.style.webkitTransform = 'scale(1)';","    });","","  };","","  CenteredDiv.prototype.hide = function() {","","    var _this = this;","","    var hide = function() {","","      _this.domElement.style.display = 'none';","      _this.backgroundElement.style.display = 'none';","","      dom.unbind(_this.domElement, 'webkitTransitionEnd', hide);","      dom.unbind(_this.domElement, 'transitionend', hide);","      dom.unbind(_this.domElement, 'oTransitionEnd', hide);","","    };","","    dom.bind(this.domElement, 'webkitTransitionEnd', hide);","    dom.bind(this.domElement, 'transitionend', hide);","    dom.bind(this.domElement, 'oTransitionEnd', hide);","","    this.backgroundElement.style.opacity = 0;","//    this.domElement.style.top = '48%';","    this.domElement.style.opacity = 0;","    this.domElement.style.webkitTransform = 'scale(1.1)';","","  };","","  CenteredDiv.prototype.layout = function() {","    this.domElement.style.left = window.innerWidth/2 - dom.getWidth(this.domElement) / 2 + 'px';","    this.domElement.style.top = window.innerHeight/2 - dom.getHeight(this.domElement) / 2 + 'px';","  };","  ","  function lockScroll(e) {","    console.log(e);","  }","","  return CenteredDiv;","","})(dat.dom.dom,","dat.utils.common),","dat.dom.dom,","dat.utils.common);"],"l":{"15":4,"18":4,"21":4,"24":4,"27":4,"30":4,"32":4,"33":4,"35":0,"36":0,"37":0,"38":0,"39":0,"40":0,"43":0,"44":0,"45":0,"46":0,"47":0,"53":4,"55":4,"56":4,"64":4,"70":40,"72":72,"73":300,"74":300,"78":40,"84":0,"86":0,"87":0,"88":0,"92":0,"97":0,"98":0,"99":0,"100":0,"101":0,"103":0,"110":56,"112":52,"114":4,"116":0,"117":0,"118":0,"122":4,"123":12,"124":0,"131":0,"135":0,"136":0,"140":300,"144":0,"148":0,"152":0,"156":0,"160":0,"164":0,"168":0,"172":0,"180":4,"190":4,"192":0,"198":0,"204":0,"210":0,"217":0,"224":0,"228":4,"244":0,"245":0,"258":0,"259":0,"268":0,"269":0,"270":0,"272":0,"273":0,"282":0,"291":0,"298":0,"305":4,"311":4,"313":4,"319":4,"320":4,"321":12,"322":28,"326":4,"328":1,"330":0,"332":0,"334":0,"335":0,"340":0,"348":4,"357":0,"359":0,"360":0,"364":0,"365":0,"366":0,"378":0,"379":0,"381":0,"383":0,"384":0,"385":0,"387":0,"388":0,"389":0,"401":0,"402":0,"403":0,"404":0,"406":0,"407":0,"409":0,"410":0,"411":0,"418":0,"420":0,"421":0,"430":0,"435":0,"437":0,"439":0,"441":0,"442":0,"453":0,"454":0,"455":0,"456":0,"457":0,"458":0,"469":0,"470":0,"471":0,"472":0,"473":0,"474":0,"483":0,"484":0,"485":0,"486":0,"487":0,"488":0,"489":0,"492":0,"501":0,"502":0,"504":0,"505":0,"507":0,"508":0,"509":0,"510":0,"511":0,"515":0,"517":0,"521":0,"530":0,"532":0,"545":0,"547":0,"559":0,"560":0,"561":0,"562":0,"563":0,"566":0,"575":0,"580":4,"585":4,"600":4,"602":0,"604":0,"610":0,"612":0,"613":0,"614":0,"615":0,"617":0,"620":0,"622":0,"623":0,"624":0,"625":0,"630":0,"632":0,"633":0,"634":0,"637":0,"641":4,"643":4,"651":0,"652":0,"653":0,"655":0,"659":0,"660":0,"667":4,"674":4,"690":4,"692":0,"694":0,"696":0,"697":0,"698":0,"700":0,"702":0,"703":0,"706":0,"711":0,"715":0,"720":4,"722":4,"732":0,"733":0,"734":0,"735":0,"738":0,"739":0,"742":0,"754":0,"755":0,"766":0,"767":0,"781":0,"782":0,"789":1,"790":0,"791":0,"792":0,"794":0,"798":4,"804":4,"822":4,"824":0,"826":0,"828":0,"834":0,"836":0,"837":0,"841":0,"842":0,"843":0,"844":0,"847":0,"848":0,"849":0,"850":0,"855":1,"856":0,"857":0,"860":1,"861":0,"862":0,"863":0,"867":1,"868":0,"869":0,"870":0,"873":1,"875":0,"876":0,"878":0,"882":1,"883":0,"884":0,"887":0,"889":0,"893":4,"895":4,"904":0,"905":0,"912":1,"913":0,"914":0,"917":4,"924":4,"944":4,"946":0,"948":0,"950":0,"951":0,"955":0,"957":0,"958":0,"960":1,"962":0,"963":0,"965":0,"968":1,"970":0,"972":0,"973":0,"975":0,"979":0,"983":1,"984":0,"985":0,"986":0,"987":0,"991":0,"993":0,"994":0,"998":4,"1003":4,"1004":0,"1007":4,"1015":0,"1016":0,"1017":0,"1026":1,"1027":0,"1030":4,"1039":4,"1051":4,"1053":0,"1055":0,"1057":0,"1058":0,"1059":0,"1060":0,"1061":0,"1062":0,"1065":0,"1067":0,"1072":4,"1074":4,"1081":0,"1082":0,"1084":0,"1085":0,"1087":0,"1093":4,"1100":4,"1111":4,"1113":0,"1115":0,"1116":0,"1118":0,"1119":0,"1122":0,"1124":0,"1127":0,"1129":1,"1130":0,"1135":4,"1137":4,"1145":0,"1146":0,"1147":0,"1149":0,"1150":0,"1155":0,"1156":0,"1157":0,"1159":0,"1162":0,"1171":4,"1178":4,"1180":4,"1182":0,"1184":0,"1185":0,"1186":0,"1189":0,"1193":0,"1202":4,"1204":4,"1206":4,"1208":0,"1210":0,"1212":0,"1214":0,"1216":0,"1218":0,"1220":0,"1221":0,"1222":0,"1223":0,"1224":0,"1230":0,"1236":0,"1240":4,"1253":0,"1254":0,"1256":0,"1275":0,"1276":0,"1278":0,"1293":0,"1294":0,"1296":0,"1313":0,"1314":0,"1316":0,"1343":0,"1351":0,"1368":0,"1369":0,"1378":0,"1385":0,"1386":0,"1396":0,"1414":0,"1418":0,"1426":0,"1430":0,"1441":0,"1444":0,"1451":0,"1455":0,"1465":0,"1469":0,"1477":0,"1481":0,"1492":0,"1495":0,"1502":0,"1506":0,"1522":4,"1529":4,"1531":0,"1534":0,"1536":0,"1539":0,"1541":0,"1543":0,"1544":0,"1545":0,"1547":0,"1551":0,"1554":0,"1557":0,"1560":0,"1563":0,"1580":0,"1582":0,"1588":0,"1589":0,"1590":0,"1592":0,"1598":0,"1600":0,"1606":0,"1626":0,"1628":0,"1630":0,"1633":0,"1638":0,"1644":0,"1647":0,"1651":0,"1655":0,"1656":0,"1660":0,"1663":0,"1664":0,"1670":0,"1674":0,"1685":0,"1691":0,"1701":0,"1712":0,"1713":0,"1715":0,"1720":0,"1721":0,"1723":0,"1725":0,"1726":0,"1737":0,"1740":0,"1741":0,"1752":0,"1756":0,"1757":0,"1758":0,"1769":0,"1772":0,"1773":0,"1774":0,"1776":0,"1781":0,"1783":0,"1784":0,"1795":0,"1807":0,"1810":0,"1811":0,"1812":0,"1813":0,"1815":0,"1817":0,"1826":0,"1828":0,"1830":0,"1831":0,"1834":0,"1836":0,"1838":0,"1840":0,"1842":0,"1843":0,"1850":0,"1851":0,"1852":0,"1853":0,"1855":0,"1857":0,"1866":0,"1867":0,"1870":0,"1871":0,"1873":0,"1875":0,"1876":0,"1877":0,"1878":0,"1881":0,"1883":0,"1884":0,"1886":0,"1887":0,"1892":0,"1894":0,"1896":0,"1897":0,"1898":0,"1899":0,"1900":0,"1901":0,"1905":0,"1908":0,"1914":0,"1918":0,"1919":0,"1920":0,"1921":0,"1922":0,"1925":0,"1926":0,"1929":1,"1930":0,"1933":0,"1934":1,"1935":0,"1936":0,"1937":0,"1938":0,"1942":0,"1943":0,"1948":0,"1950":0,"1951":0,"1952":0,"1953":0,"1957":0,"1958":0,"1959":0,"1960":0,"1961":0,"1962":0,"1963":0,"1964":0,"1966":0,"1967":0,"1968":0,"1970":0,"1972":0,"1974":0,"1979":0,"1994":0,"2013":0,"2031":0,"2032":0,"2033":0,"2034":0,"2035":0,"2042":0,"2043":0,"2059":0,"2060":0,"2064":0,"2069":0,"2073":0,"2078":0,"2081":0,"2085":0,"2086":0,"2088":0,"2089":0,"2090":0,"2095":0,"2099":0,"2104":0,"2106":0,"2108":0,"2109":0,"2111":0,"2112":0,"2113":0,"2116":0,"2117":0,"2118":0,"2120":0,"2121":0,"2126":0,"2127":0,"2128":0,"2132":0,"2133":0,"2149":0,"2150":0,"2151":0,"2154":0,"2155":0,"2158":0,"2160":0,"2161":0,"2162":0,"2164":0,"2165":0,"2169":0,"2171":0,"2181":0,"2182":0,"2183":0,"2185":0,"2195":0,"2197":0,"2200":0,"2202":0,"2204":0,"2205":0,"2208":0,"2212":0,"2213":0,"2214":0,"2217":0,"2223":0,"2224":0,"2227":0,"2228":0,"2234":0,"2237":0,"2238":0,"2242":0,"2243":0,"2244":0,"2250":0,"2252":0,"2253":0,"2255":0,"2259":0,"2260":0,"2263":0,"2264":0,"2272":0,"2273":0,"2274":0,"2282":1,"2284":0,"2285":0,"2288":0,"2290":0,"2292":0,"2296":0,"2297":0,"2301":0,"2302":0,"2305":0,"2307":0,"2309":0,"2310":0,"2311":0,"2313":0,"2314":0,"2315":0,"2317":0,"2319":0,"2320":0,"2322":0,"2324":0,"2326":0,"2337":1,"2338":0,"2339":0,"2340":0,"2341":0,"2343":0,"2345":0,"2346":0,"2349":1,"2351":0,"2352":0,"2354":0,"2358":0,"2359":0,"2361":0,"2373":0,"2374":0,"2376":0,"2391":0,"2392":0,"2396":0,"2397":0,"2401":0,"2402":0,"2408":0,"2410":0,"2413":0,"2414":0,"2415":0,"2416":0,"2417":0,"2418":0,"2419":0,"2423":0,"2424":0,"2427":0,"2429":0,"2432":0,"2435":0,"2436":0,"2447":0,"2451":0,"2452":0,"2455":0,"2457":0,"2458":0,"2461":0,"2462":0,"2466":0,"2468":0,"2469":0,"2472":0,"2473":0,"2476":0,"2477":0,"2481":0,"2483":0,"2484":0,"2485":0,"2486":0,"2489":0,"2493":0,"2494":0,"2495":0,"2497":0,"2502":1,"2505":0,"2509":0,"2512":0,"2515":0,"2520":0,"2521":0,"2522":0,"2527":0,"2530":0,"2532":0,"2535":0,"2537":0,"2539":0,"2541":0,"2544":0,"2550":0,"2556":0,"2562":0,"2565":0,"2566":0,"2576":1,"2578":0,"2582":1,"2584":0,"2586":0,"2588":0,"2590":0,"2592":0,"2593":0,"2594":0,"2597":0,"2598":0,"2599":0,"2600":0,"2602":0,"2603":0,"2604":0,"2605":0,"2607":0,"2608":0,"2609":0,"2610":0,"2612":0,"2614":0,"2616":0,"2617":0,"2621":0,"2624":0,"2627":0,"2628":0,"2631":0,"2635":0,"2636":0,"2637":0,"2638":0,"2639":0,"2641":0,"2643":0,"2644":0,"2646":0,"2648":0,"2650":0,"2651":0,"2654":1,"2655":0,"2658":0,"2661":0,"2662":0,"2663":0,"2668":0,"2670":0,"2671":0,"2672":0,"2676":0,"2677":0,"2678":0,"2679":0,"2680":0,"2683":0,"2684":0,"2687":0,"2688":0,"2689":0,"2692":0,"2693":0,"2700":1,"2702":0,"2704":0,"2715":0,"2717":0,"2718":0,"2720":0,"2722":1,"2724":0,"2726":0,"2728":0,"2729":0,"2730":0,"2732":0,"2736":1,"2738":0,"2740":0,"2741":0,"2742":0,"2744":0,"2748":1,"2750":0,"2751":0,"2752":0,"2758":1,"2759":0,"2762":0,"2763":0,"2764":0,"2765":0,"2769":1,"2771":0,"2774":0,"2776":0,"2779":0,"2783":0,"2784":0,"2788":0,"2792":0,"2796":1,"2797":0,"2798":0,"2799":0,"2800":0,"2801":0,"2802":0,"2806":1,"2807":0,"2808":0,"2809":0,"2814":1,"2815":0,"2817":0,"2818":0,"2820":0,"2824":1,"2827":0,"2829":0,"2830":0,"2835":0,"2836":0,"2841":0,"2848":4,"2850":0,"2853":0,"2854":0,"2859":0,"2861":0,"2864":0,"2868":0,"2874":0,"2875":0,"2878":0,"2879":0,"2882":0,"2883":0,"2903":4,"2905":0,"2907":0,"2909":0,"2910":0,"2912":0,"2913":0,"2914":0,"2915":0,"2916":0,"2917":0,"2922":1,"2923":0,"2926":1,"2927":0,"2928":0,"2932":0,"2934":0,"2938":4,"2940":4,"2950":0,"2951":0,"2953":0,"2960":4,"2976":4,"2978":0,"2980":0,"2981":0,"2983":0,"2985":0,"2987":0,"2989":0,"2990":0,"2992":0,"2993":0,"2995":0,"2996":0,"2997":0,"2999":0,"3000":0,"3002":0,"3003":0,"3005":0,"3006":0,"3007":0,"3009":0,"3010":0,"3011":0,"3015":0,"3017":0,"3019":0,"3022":0,"3027":0,"3029":0,"3037":0,"3047":0,"3055":0,"3064":0,"3070":0,"3072":0,"3080":0,"3082":0,"3094":0,"3095":0,"3097":0,"3098":0,"3099":0,"3100":0,"3103":1,"3104":0,"3106":0,"3107":0,"3110":1,"3111":0,"3112":0,"3116":1,"3117":0,"3118":0,"3119":0,"3120":0,"3122":0,"3126":1,"3127":0,"3128":0,"3131":0,"3132":0,"3133":0,"3134":0,"3135":0,"3137":0,"3138":0,"3140":0,"3142":1,"3144":0,"3146":0,"3147":0,"3148":0,"3149":0,"3151":0,"3152":0,"3154":0,"3155":0,"3157":0,"3158":0,"3160":0,"3163":0,"3167":1,"3169":0,"3171":0,"3172":0,"3173":0,"3175":0,"3176":0,"3178":0,"3180":0,"3182":0,"3188":4,"3190":4,"3199":0,"3201":0,"3203":0,"3207":0,"3208":0,"3211":0,"3212":0,"3218":0,"3219":0,"3224":0,"3226":0,"3228":0,"3229":0,"3231":0,"3238":0,"3240":0,"3241":0,"3243":0,"3245":0,"3257":4,"3259":1,"3260":0,"3261":0,"3262":0,"3266":1,"3267":0,"3268":0,"3269":0,"3270":0,"3271":0,"3272":0,"3276":4,"3282":4,"3284":0,"3286":0,"3287":0,"3290":0,"3295":4,"3297":4,"3300":0,"3304":0,"3309":4,"3310":4,"3311":4,"3313":4,"3314":4,"3315":4,"3317":4,"3320":0,"3324":0,"3329":4,"3333":0,"3334":0,"3337":0,"3343":0,"3344":0,"3350":1,"3352":12,"3356":0,"3357":0,"3360":0,"3362":0,"3368":0,"3369":0,"3370":0,"3373":0,"3381":1,"3383":12,"3387":0,"3388":0,"3390":0,"3392":0,"3398":0,"3399":0,"3400":0,"3403":0,"3411":1,"3413":0,"3415":0,"3417":0,"3419":0,"3423":0,"3429":1,"3431":0,"3433":0,"3440":0,"3441":0,"3442":0,"3443":0,"3448":4,"3453":4,"3455":4,"3459":0,"3461":0,"3462":0,"3463":0,"3464":0,"3465":0,"3474":0,"3484":0,"3489":0,"3490":0,"3492":0,"3499":0,"3500":0,"3501":0,"3502":0,"3504":0,"3506":0,"3507":0,"3508":0,"3511":0,"3519":0,"3520":0,"3521":0,"3522":0,"3526":0,"3530":0,"3547":4,"3553":0,"3560":0,"3562":0,"3563":0,"3573":0,"3574":0,"3576":0,"3577":0,"3586":0,"3587":0,"3589":0,"3590":0,"3591":0,"3597":0,"3599":0,"3603":0,"3605":0,"3606":0,"3608":0,"3610":0,"3612":0,"3613":0,"3614":0,"3615":0,"3620":0,"3622":0,"3624":0,"3626":0,"3627":0,"3629":0,"3630":0,"3631":0,"3635":0,"3636":0,"3637":0,"3639":0,"3641":0,"3642":0,"3646":0,"3647":0,"3648":0,"3651":1,"3652":0,"3655":0}}}